



[info] [2018/7/3 10:56:35]  Start SavedLogin Request...
[info] [2018/7/3 10:56:35]  Login Seccsefully true
[info] [2018/7/3 10:56:35]  Start SecurityToken Request...
[info] [2018/7/3 10:56:35]  SecurityToken is: 2773422D1FAAE61142FFE7EA27A43A81FDD0CFFC56065DC3CEAE2472EA2FBEA633716FA773EE3F6E38A307313EF056E56C8674CEE6DB7D1626F9354D96BE13FABDFE7B10B9D852 
Cookie: JSESSIONID=C049F8B97A85E8BCDCDCA51B57E351B4
[info] [2018/7/3 10:56:35]  Start CompanyTemplateRepo request...
[info] [2018/7/3 10:56:36]  Company Template Repo ID: 1069
[info] [2018/7/3 10:56:36]  Start BackupPath request...
[info] [2018/7/3 10:56:36]  Backup path01: [object Object]
[info] [2018/7/3 10:56:36]  Backup path11: [object Object]
[info] [2018/7/3 10:56:36]  Backup path21: [object Object]
[info] [2018/7/3 10:56:36]  Backup path31: [object Object]
[info] [2018/7/3 10:56:36]  Start ImplementationRepo request...
[info] [2018/7/3 10:56:36]  Implementation Repo ID: 1062
[info] [2018/7/3 10:56:36]  Start PackagePath request...
[info] [2018/7/3 10:56:37]  Package path01: [object Object]
[info] [2018/7/3 10:56:37]  Start CommonDB Request...
[info] [2018/7/3 10:56:37]  Common Database #: 1235
[info] [2018/7/3 10:56:37]  Start LocalizationLists Request...
[info] [2018/7/3 10:56:37]  Localization Lists are: AR,Argentina,AT,Austria,AU,Australia/New Zealand,BE,Belgium,BR,Brazil,CA,Canada,CH,Switzerland,CL,Chile,CN,P.R.China/Hong-Kong,CR,Costa Rica,CY,Cyprus,CZ,Czech Rep.,DE,Germany,DK,Denmark,ES,Spain,FI,Finland,FR,France,GB,United Kingdom/Ireland,GR,Greece,GT,Guatemala,HU,Hungary,IL,Israel,IN,India,IT,Italy,JP,Japan,KR,South Korea,MX,Mexico,NL,Netherlands,NO,Norway,PA,Panama,PL,Poland,PT,Portugal,RU,Russia,SE,Sweden,SG,Singapore,SK,Slovakia,TR,Turkey,US,United States Of America/Puerto Rico,ZA,South Africa
[info] [2018/7/3 10:56:37]  Start SoftwareRepositories Request...
[info] [2018/7/3 10:56:38]  Software Repository is: 1052
[info] [2018/7/3 10:56:38]  Start Languages Request...
[info] [2018/7/3 10:56:38]  Languages: English (United States),3,German,9,Simplified Chinese (P.R.China),15,Japanese(Japan),30,Dutch (Netherlands),16,Turkish,31,Arabic,32,French,22,Korean(Korea),28,Portuguese,19,Finnish (Finland),17,Norwegian (Norway),12,English (United Kingdom),8,Italian (Italy),13,Slovak (Slovakia),27,Spanish (Latin America),25,Swedish (Sweden),20,Greek (Greece),18,Spanish (Spain),23,Polish (Poland),5,Czech (Czech),26,Russian (Russia),24,Danish (Denmark),11,Hebrew (Israel),1,Hungarian (Hungary),14,Traditional Chinese,35,Portuguese (Brazil),29
[info] [2018/7/3 10:56:38]  Start ExtensionsDeployID request...
[info] [2018/7/3 10:56:38]  ExtensionDeployments is: 8
[info] [2018/7/3 10:56:38]  Start ExtensionsDeployID request...
[info] [2018/7/3 10:56:39]  Extensions: {
"d" : {
"__metadata" : {
"uri" : "https://10.55.179.206:443/sld/sld0100.svc/Extensions(1)", "type" : "SLDModel.Extension"
}, "ClientType" : "A", "XAppDUName" : null, "IsBuiltIn" : true, "XAppPackageName" : null, "AuxiliaryProperties" : "{\"SoftwareRepositoryID\":1029}", "XAppVendor" : null, "BindingObject" : null, "ForceFlag" : false, "Type" : "LightAddOn", "SchemaVersion" : "2.1", "Version" : "920.181.08", "Platform" : "U", "Path" : "\\\\x3\\temp\\92_H_PL08_HF1\\UpgradeCD\\Packages\\Add-Ons\\DatevLW.zip", "XAppName" : null, "Vendor" : "SAP", "Name" : "DatevLW", "ID" : 1, "Status" : true, "Group" : "M", "ExtensionValidities" : {
"__deferred" : {
"uri" : "https://10.55.179.206:443/sld/sld0100.svc/Extensions(1)/ExtensionValidities"
}
}, "ExtensionProperties" : {
"__deferred" : {
"uri" : "https://10.55.179.206:443/sld/sld0100.svc/Extensions(1)/ExtensionProperties"
}
}
}
}
[info] [2018/7/3 10:56:39]  Extensions: {
"d" : {
"__metadata" : {
"uri" : "https://10.55.179.206:443/sld/sld0100.svc/Extensions(6)", "type" : "SLDModel.Extension"
}, "ClientType" : "A", "XAppDUName" : null, "IsBuiltIn" : false, "XAppPackageName" : null, "AuxiliaryProperties" : null, "XAppVendor" : null, "BindingObject" : null, "ForceFlag" : false, "Type" : "LightAddOn", "SchemaVersion" : "2.1", "Version" : "920.181.08", "Platform" : "U", "Path" : "\\\\x3\\temp\\Extensions\\Repository\\SAP\\PaymentLW\\920.181.08", "XAppName" : null, "Vendor" : "SAP", "Name" : "PaymentLW", "ID" : 6, "Status" : true, "Group" : "M", "ExtensionValidities" : {
"__deferred" : {
"uri" : "https://10.55.179.206:443/sld/sld0100.svc/Extensions(6)/ExtensionValidities"
}
}, "ExtensionProperties" : {
"__deferred" : {
"uri" : "https://10.55.179.206:443/sld/sld0100.svc/Extensions(6)/ExtensionProperties"
}
}
}
}
[info] [2018/7/3 10:56:39]  Extensions: {
"d" : {
"__metadata" : {
"uri" : "https://10.55.179.206:443/sld/sld0100.svc/Extensions(2)", "type" : "SLDModel.Extension"
}, "ClientType" : "W", "XAppDUName" : null, "IsBuiltIn" : true, "XAppPackageName" : null, "AuxiliaryProperties" : "{\"SoftwareRepositoryID\":1029}", "XAppVendor" : null, "BindingObject" : null, "ForceFlag" : false, "Type" : "AddOn", "SchemaVersion" : null, "Version" : "920.181.08", "Platform" : "N", "Path" : "\\\\x3\\temp\\92_H_PL08_HF1\\UpgradeCD\\Packages\\Add-Ons\\EFM Format Definition", "XAppName" : null, "Vendor" : "SAP", "Name" : "EFM Format Definition", "ID" : 2, "Status" : true, "Group" : "M", "ExtensionValidities" : {
"__deferred" : {
"uri" : "https://10.55.179.206:443/sld/sld0100.svc/Extensions(2)/ExtensionValidities"
}
}, "ExtensionProperties" : {
"__deferred" : {
"uri" : "https://10.55.179.206:443/sld/sld0100.svc/Extensions(2)/ExtensionProperties"
}
}
}
}
[info] [2018/7/3 10:56:39]  Extensions: {
"d" : {
"__metadata" : {
"uri" : "https://10.55.179.206:443/sld/sld0100.svc/Extensions(3)", "type" : "SLDModel.Extension"
}, "ClientType" : "W", "XAppDUName" : null, "IsBuiltIn" : true, "XAppPackageName" : null, "AuxiliaryProperties" : "{\"SoftwareRepositoryID\":1029}", "XAppVendor" : null, "BindingObject" : null, "ForceFlag" : false, "Type" : "AddOn", "SchemaVersion" : null, "Version" : "920.181.08", "Platform" : "N", "Path" : "\\\\x3\\temp\\92_H_PL08_HF1\\UpgradeCD\\Packages\\Add-Ons\\ScreenPainter", "XAppName" : null, "Vendor" : "SAP", "Name" : "Screen Painter", "ID" : 3, "Status" : true, "Group" : "M", "ExtensionValidities" : {
"__deferred" : {
"uri" : "https://10.55.179.206:443/sld/sld0100.svc/Extensions(3)/ExtensionValidities"
}
}, "ExtensionProperties" : {
"__deferred" : {
"uri" : "https://10.55.179.206:443/sld/sld0100.svc/Extensions(3)/ExtensionProperties"
}
}
}
}
[info] [2018/7/3 10:56:39]  Extensions: {
"d" : {
"__metadata" : {
"uri" : "https://10.55.179.206:443/sld/sld0100.svc/Extensions(5)", "type" : "SLDModel.Extension"
}, "ClientType" : "W", "XAppDUName" : null, "IsBuiltIn" : true, "XAppPackageName" : null, "AuxiliaryProperties" : null, "XAppVendor" : null, "BindingObject" : null, "ForceFlag" : false, "Type" : "AddOn", "SchemaVersion" : null, "Version" : "920.181.08", "Platform" : "N", "Path" : "", "XAppName" : null, "Vendor" : "SAP", "Name" : "SBOScript", "ID" : 5, "Status" : true, "Group" : "M", "ExtensionValidities" : {
"__deferred" : {
"uri" : "https://10.55.179.206:443/sld/sld0100.svc/Extensions(5)/ExtensionValidities"
}
}, "ExtensionProperties" : {
"__deferred" : {
"uri" : "https://10.55.179.206:443/sld/sld0100.svc/Extensions(5)/ExtensionProperties"
}
}
}
}




[info] [2018/7/3 15:51:06]  Start SavedLogin Request...
[info] [2018/7/3 15:51:07]  Login Seccsefully true
[info] [2018/7/3 15:51:07]  Start SecurityToken Request...
[info] [2018/7/3 15:51:07]  SecurityToken is: 70D93268AB59F5DBAD57BB35FB29A4A0646A34DDB06415013FA830387EF71E4B6681AC50AF2E8463893B4DAC5220E7468AE2CCE12DB982EDAE436DDB6DFAF92E8D47A7CD007E92 
Cookie: JSESSIONID=01DFEABA96889B5C3278B77AC88FB60B
[info] [2018/7/3 15:51:07]  Start Operators request...
[info] [2018/7/3 15:51:07]  username free to use: yonatanschonam55
[info] [2018/7/3 15:51:48]  Start SavedLogin Request...
[info] [2018/7/3 15:51:48]  Login Seccsefully true
[info] [2018/7/3 15:51:48]  Start SecurityToken Request...
[info] [2018/7/3 15:51:48]  SecurityToken is: CABAB6821166E00E70916DAE3D30279CDB894146360F110E519B196CD7565A44C1E541F2237889C857F15B2ED5A90AEC5C25898D954B3BF17E65FC55781EB108F1BD04EDDB2017 
Cookie: JSESSIONID=6E6727EEF508CE317D9DE9C1E0497E6E
[info] [2018/7/3 15:51:48]  Start Operators request...
[info] [2018/7/3 15:51:49]  username free to use: yonatanschonam55






[info] [2018/7/3 17:35:51]  Start SavedLogin Request...
[info] [2018/7/3 17:35:51]  Login Seccsefully true
[info] [2018/7/3 17:35:51]  Start SecurityToken Request...
[info] [2018/7/3 17:35:52]  SecurityToken is: 69F3A17684BA43C2AA0907A4BE3EE6EB04419AE9985EA466A54EDD8CCDBDD0BBCF39CA39A25989F9BB88C2347303E826FC8392057D95AE4378CC7A655A36D9911BB0D48F87C4BC 
Cookie: JSESSIONID=CB56BBAAE23B9FBA6CD8736F9000DB8C
[info] [2018/7/3 17:35:52]  Start Operators request...
[info] [2018/7/3 17:35:52]  username free to use: yonatanschonam55


[info] [2018/7/3 17:36:30]  Start SavedLogin Request...
[info] [2018/7/3 17:36:31]  Login Seccsefully true
[info] [2018/7/3 17:36:31]  Start SecurityToken Request...
[info] [2018/7/3 17:36:31]  SecurityToken is: 1E9860E38F252FE4E5F08D87022FD4F10B550D81732FFFC1D87DAEF07E45686EEBE817E9C6689B2EC4075F52AF51EE3FF81D1918D9FCF5B17152B007380E995872016FFC7DEE6F 
Cookie: JSESSIONID=6F5E0EA04E430945DD80E50BA0748741
[info] [2018/7/3 17:36:31]  Start Operators request...
[info] [2018/7/3 17:36:31]  username free to use: yonatanschonam55
[info] [2018/7/3 17:36:54]  Start SavedLogin Request...
[info] [2018/7/3 17:36:55]  Login Seccsefully true
[info] [2018/7/3 17:36:55]  Start SecurityToken Request...
[info] [2018/7/3 17:36:55]  SecurityToken is: 4910C6F2BB64B5F3C9C513032AEBE0AE70B463FBE53DB8FE660017481DAB03280F56AFBBE10C0C9ACCAEB15604B78F349858F437CF046D97CDB372EF7A202F75BF72C4CD0F2BCD 
Cookie: JSESSIONID=253FFC5FC5B4BA6244E2638C83CA2261
[info] [2018/7/3 17:36:55]  Start Operators request...
[info] [2018/7/3 17:36:55]  username free to use: yonatanschonam55




















[info] [2018/7/3 18:04:19]  Start SavedLogin Request...
[info] [2018/7/3 18:04:20]  Login Seccsefully true
[info] [2018/7/3 18:04:20]  Start SecurityToken Request...
[info] [2018/7/3 18:04:20]  SecurityToken is: 90D913F05D0DC7288B6F6955596A2077837A8CD6BAC704996330B6CB9413736F625981B0B958FB9A4F776A81927844E4B1E2C2ABF8AA07C7CBD2717A46B480FB09FD693D6D1F53 
Cookie: JSESSIONID=052A200591FCBAA2C8D1586D9A56A183
[info] [2018/7/3 18:04:20]  Start Operators request...
[info] [2018/7/3 18:04:20]  username free to use: yonatanschonam55
[info] [2018/7/3 18:04:45]  Start SavedLogin Request...
[info] [2018/7/3 18:04:45]  Login Seccsefully true
[info] [2018/7/3 18:04:45]  Start SecurityToken Request...
[info] [2018/7/3 18:04:45]  SecurityToken is: 0660E06F06EF8CB3AC0616D5E6BC285365D19D4DE2FDD246382A68489D469D3F334EA4CFC30D329FE9198BCA24B021CAD9AEBF5086A3B3CC6FE86FAA8F275A5D74C0DA015C845F 
Cookie: JSESSIONID=93CA0C950EC28D097EEDFBE1B9C1B1DC
[info] [2018/7/3 18:04:45]  Start Operators request...
[info] [2018/7/3 18:04:46]  username free to use: yonatanschonam55
[info] [2018/7/3 18:05:05]  Start SavedLogin Request...
[info] [2018/7/3 18:05:05]  Login Seccsefully true
[info] [2018/7/3 18:05:05]  Start SecurityToken Request...
[info] [2018/7/3 18:05:06]  SecurityToken is: 4089D7EF5086C56FA8B5A281EAFD68E9FF1DD6486C751CDE52628C8725C5A99C4A9301B0FA68E419BF6091107C7A5B210017C3AD67E32A3860336DF21A637E362BCE62A67D25CB 
Cookie: JSESSIONID=CEF65AD919EF7231DB245F09F3EB9A83
[info] [2018/7/3 18:05:06]  Start Operators request...
[info] [2018/7/3 18:05:06]  username free to use: yonatanschonam55
[info] [2018/7/3 18:05:50]  Start SavedLogin Request...
[info] [2018/7/3 18:05:51]  Login Seccsefully true
[info] [2018/7/3 18:05:51]  Start SecurityToken Request...
[info] [2018/7/3 18:05:51]  SecurityToken is: 7BCAEC6B73C57AD5AD25A893EAB6B91C3FD04827223F7D176284050DBE892F957FBCF73E4F14AADBD1B9A62878799EB957D84B4C1D14BDC5488425BAB0E12B3BEE38078CFAC531 
Cookie: JSESSIONID=71D63313E1F0242A2E820A5FED1C995A
[info] [2018/7/3 18:05:51]  Start Operators request...
[info] [2018/7/3 18:05:51]  username free to use: yonatanschonam55








[info] [2018/7/3 18:11:41]  Start Login Request...
[info] [2018/7/3 18:11:41]  Login Seccsefully true
[info] [2018/7/3 18:11:42]  Login parameters were update successfully.


[info] [2018/7/4 11:32:51]  Start Login Request...
[info] [2018/7/4 11:32:52]  Login Seccsefully true
[info] [2018/7/4 11:32:52]  Login parameters were update successfully.


[info] [2018/7/4 11:34:54]  Start Login Request...
[info] [2018/7/4 11:34:54]  Login Seccsefully true
[info] [2018/7/4 11:34:55]  Login parameters were update successfully.


[info] [2018/7/4 12:03:32]  Start SavedLogin Request...
[info] [2018/7/4 12:03:32]  Login Seccsefully true
[info] [2018/7/4 12:03:36]  Start SecurityToken Request...
[info] [2018/7/4 12:03:36]  SecurityToken is: DAF6D40F829FB32AEB6E01E6205CB494FDEB650CF5129873749520CC2F7B21FA7F363A70EE0DE9EE6A2487CBB445F35ECC3D6EB806FCAD16C78E86AB51730642D0BAFF4D1591D1 
Cookie: JSESSIONID=279C0D1607EB8E63F4F803F8E92A7C42
[info] [2018/7/4 12:03:38]  Start Operators request...
[info] [2018/7/4 12:03:38]  username free to use: yonatanschonam55
[info] [2018/7/4 12:03:58]  Start SavedLogin Request...
[info] [2018/7/4 12:03:58]  Login Seccsefully true
[info] [2018/7/4 12:04:00]  Start SecurityToken Request...
[info] [2018/7/4 12:04:00]  SecurityToken is: B42A908392F3535818B939872CCDC56E4196F6A22EFAA2D00107EE4D2B9548C0BD5FC8E8F0BC5B67832971E4B1EE8ED6D026156CDD654514BF5CF995F00411F23DA50C30E00734 
Cookie: JSESSIONID=79E5D3B0C5A702184BE43C7E61073B82
[info] [2018/7/4 12:04:01]  Start Operators request...
[info] [2018/7/4 12:04:01]  username free to use: yonata
[info] [2018/7/4 12:04:12]  Start SavedLogin Request...
[info] [2018/7/4 12:04:12]  Login Seccsefully true
[info] [2018/7/4 12:04:13]  Start SecurityToken Request...
[info] [2018/7/4 12:04:13]  SecurityToken is: BF9220622AD8AC1070D3D19AB34A39B49CC60B65917F0EAD984FFE39BFC378CEB8C34DA4F542299E482D86B24CCE40EA06D15078C7EAF13A02D40AA4AC134436E7422B073049AE 
Cookie: JSESSIONID=2DB20BD107116766AA8A187CCE34EF20
[info] [2018/7/4 12:04:14]  Start Operators request...
[info] [2018/7/4 12:04:14]  username already exist: yonatan








[info] [2018/7/4 17:02:05]  Start SavedLogin Request...
[info] [2018/7/4 17:02:05]  Login Seccsefully true
[info] [2018/7/4 17:02:05]  Start SecurityToken Request...
[info] [2018/7/4 17:02:06]  SecurityToken is: 3A1DEB0CCDB54416E7A245F97FAB7752DDB5DA3559E05E46AD5D67908E7EC0960C496A9B8E090A24A33AF80F5DBDF75B3C7A70F3D549E99092B5E66FBCC16B2C14AB6DCD2AABCC 
Cookie: JSESSIONID=664EAFCAF3726681E1D15307C1F4763B
[info] [2018/7/4 17:02:06]  Start Domain Request...
[info] [2018/7/4 17:02:06]  Domain name is: {
"d" : {
"GetDomainName" : "B1CLOUD"
}
}
[info] [2018/7/4 17:02:06]  Start ServiceUnits Request...
[info] [2018/7/4 17:02:06]  Service Units are: {
"d" : {
"results" : [
{
"__metadata" : {
"uri" : "https://10.55.179.206:443/sld/sld0100.svc/ServiceUnits(1739)", "type" : "SLDModel.ServiceUnit"
}, "CreationDate" : "\/Date(1525244400000)\/", "Purpose" : "Productive", "Description" : null, "Mode" : "", "ID" : 1739, "Version" : "920.181.08", "Name" : "SU_MSSQL", "Status" : "Online", "IntegrationComponent" : {
"__deferred" : {
"uri" : "https://10.55.179.206:443/sld/sld0100.svc/ServiceUnits(1739)/IntegrationComponent"
}
}, "TenantsStorage" : {
"__deferred" : {
"uri" : "https://10.55.179.206:443/sld/sld0100.svc/ServiceUnits(1739)/TenantsStorage"
}
}, "RSPService" : {
"__deferred" : {
"uri" : "https://10.55.179.206:443/sld/sld0100.svc/ServiceUnits(1739)/RSPService"
}
}, "XAppService" : {
"__deferred" : {
"uri" : "https://10.55.179.206:443/sld/sld0100.svc/ServiceUnits(1739)/XAppService"
}
}, "SoftwareRepository" : {
"__deferred" : {
"uri" : "https://10.55.179.206:443/sld/sld0100.svc/ServiceUnits(1739)/SoftwareRepository"
}
}, "Group" : {
"__deferred" : {
"uri" : "https://10.55.179.206:443/sld/sld0100.svc/ServiceUnits(1739)/Group"
}
}, "ReferenceServiceUnit" : {
"__deferred" : {
"uri" : "https://10.55.179.206:443/sld/sld0100.svc/ServiceUnits(1739)/ReferenceServiceUnit"
}
}, "AnalyticsService" : {
"__deferred" : {
"uri" : "https://10.55.179.206:443/sld/sld0100.svc/ServiceUnits(1739)/AnalyticsService"
}
}, "LicenseServer" : {
"__deferred" : {
"uri" : "https://10.55.179.206:443/sld/sld0100.svc/ServiceUnits(1739)/LicenseServer"
}
}, "CompanyTemplateRepository" : {
"__deferred" : {
"uri" : "https://10.55.179.206:443/sld/sld0100.svc/ServiceUnits(1739)/CompanyTemplateRepository"
}
}, "SharedFolder" : {
"__deferred" : {
"uri" : "https://10.55.179.206:443/sld/sld0100.svc/ServiceUnits(1739)/SharedFolder"
}
}, "CommonDatabase" : {
"__deferred" : {
"uri" : "https://10.55.179.206:443/sld/sld0100.svc/ServiceUnits(1739)/CommonDatabase"
}
}, "ImplementationRepository" : {
"__deferred" : {
"uri" : "https://10.55.179.206:443/sld/sld0100.svc/ServiceUnits(1739)/ImplementationRepository"
}
}, "Mailer" : {
"__deferred" : {
"uri" : "https://10.55.179.206:443/sld/sld0100.svc/ServiceUnits(1739)/Mailer"
}
}, "WorkflowServers" : {
"__deferred" : {
"uri" : "https://10.55.179.206:443/sld/sld0100.svc/ServiceUnits(1739)/WorkflowServers"
}
}, "Tenants" : {
"__deferred" : {
"uri" : "https://10.55.179.206:443/sld/sld0100.svc/ServiceUnits(1739)/Tenants"
}
}, "B1ServiceLayers" : {
"__deferred" : {
"uri" : "https://10.55.179.206:443/sld/sld0100.svc/ServiceUnits(1739)/B1ServiceLayers"
}
}, "B1WebServers" : {
"__deferred" : {
"uri" : "https://10.55.179.206:443/sld/sld0100.svc/ServiceUnits(1739)/B1WebServers"
}
}, "PresentationServers" : {
"__deferred" : {
"uri" : "https://10.55.179.206:443/sld/sld0100.svc/ServiceUnits(1739)/PresentationServers"
}
}, "MobileServices" : {
"__deferred" : {
"uri" : "https://10.55.179.206:443/sld/sld0100.svc/ServiceUnits(1739)/MobileServices"
}
}
}, {
"__metadata" : {
"uri" : "https://10.55.179.206:443/sld/sld0100.svc/ServiceUnits(222999)", "type" : "SLDModel.ServiceUnit"
}, "CreationDate" : "\/Date(1529910000000)\/", "Purpose" : "Productive", "Description" : null, "Mode" : "", "ID" : 222999, "Version" : "920.210.11", "Name" : "SU_HANA", "Status" : "Online", "IntegrationComponent" : {
"__deferred" : {
"uri" : "https://10.55.179.206:443/sld/sld0100.svc/ServiceUnits(222999)/IntegrationComponent"
}
}, "TenantsStorage" : {
"__deferred" : {
"uri" : "https://10.55.179.206:443/sld/sld0100.svc/ServiceUnits(222999)/TenantsStorage"
}
}, "RSPService" : {
"__deferred" : {
"uri" : "https://10.55.179.206:443/sld/sld0100.svc/ServiceUnits(222999)/RSPService"
}
}, "XAppService" : {
"__deferred" : {
"uri" : "https://10.55.179.206:443/sld/sld0100.svc/ServiceUnits(222999)/XAppService"
}
}, "SoftwareRepository" : {
"__deferred" : {
"uri" : "https://10.55.179.206:443/sld/sld0100.svc/ServiceUnits(222999)/SoftwareRepository"
}
}, "Group" : {
"__deferred" : {
"uri" : "https://10.55.179.206:443/sld/sld0100.svc/ServiceUnits(222999)/Group"
}
}, "ReferenceServiceUnit" : {
"__deferred" : {
"uri" : "https://10.55.179.206:443/sld/sld0100.svc/ServiceUnits(222999)/ReferenceServiceUnit"
}
}, "AnalyticsService" : {
"__deferred" : {
"uri" : "https://10.55.179.206:443/sld/sld0100.svc/ServiceUnits(222999)/AnalyticsService"
}
}, "LicenseServer" : {
"__deferred" : {
"uri" : "https://10.55.179.206:443/sld/sld0100.svc/ServiceUnits(222999)/LicenseServer"
}
}, "CompanyTemplateRepository" : {
"__deferred" : {
"uri" : "https://10.55.179.206:443/sld/sld0100.svc/ServiceUnits(222999)/CompanyTemplateRepository"
}
}, "SharedFolder" : {
"__deferred" : {
"uri" : "https://10.55.179.206:443/sld/sld0100.svc/ServiceUnits(222999)/SharedFolder"
}
}, "CommonDatabase" : {
"__deferred" : {
"uri" : "https://10.55.179.206:443/sld/sld0100.svc/ServiceUnits(222999)/CommonDatabase"
}
}, "ImplementationRepository" : {
"__deferred" : {
"uri" : "https://10.55.179.206:443/sld/sld0100.svc/ServiceUnits(222999)/ImplementationRepository"
}
}, "Mailer" : {
"__deferred" : {
"uri" : "https://10.55.179.206:443/sld/sld0100.svc/ServiceUnits(222999)/Mailer"
}
}, "WorkflowServers" : {
"__deferred" : {
"uri" : "https://10.55.179.206:443/sld/sld0100.svc/ServiceUnits(222999)/WorkflowServers"
}
}, "Tenants" : {
"__deferred" : {
"uri" : "https://10.55.179.206:443/sld/sld0100.svc/ServiceUnits(222999)/Tenants"
}
}, "B1ServiceLayers" : {
"__deferred" : {
"uri" : "https://10.55.179.206:443/sld/sld0100.svc/ServiceUnits(222999)/B1ServiceLayers"
}
}, "B1WebServers" : {
"__deferred" : {
"uri" : "https://10.55.179.206:443/sld/sld0100.svc/ServiceUnits(222999)/B1WebServers"
}
}, "PresentationServers" : {
"__deferred" : {
"uri" : "https://10.55.179.206:443/sld/sld0100.svc/ServiceUnits(222999)/PresentationServers"
}
}, "MobileServices" : {
"__deferred" : {
"uri" : "https://10.55.179.206:443/sld/sld0100.svc/ServiceUnits(222999)/MobileServices"
}
}
}
]
}, "actions" : {
"https://10.55.179.206:443/sld/sld0100.svc/$metadata#SLDEntities.CreateServiceUnitAsync" : [
{
"target" : "https://10.55.179.206:443/sld/sld0100.svc/ServiceUnits/CreateServiceUnitAsync", "title" : "CreateServiceUnitAsync"
}
], "https://10.55.179.206:443/sld/sld0100.svc/$metadata#SLDEntities.DeleteServiceUnit" : [
{
"target" : "https://10.55.179.206:443/sld/sld0100.svc/ServiceUnits/DeleteServiceUnit", "title" : "DeleteServiceUnit"
}
], "https://10.55.179.206:443/sld/sld0100.svc/$metadata#SLDEntities.RegisterPresentationServerAsync" : [
{
"target" : "https://10.55.179.206:443/sld/sld0100.svc/ServiceUnits/RegisterPresentationServerAsync", "title" : "RegisterPresentationServerAsync"
}
], "https://10.55.179.206:443/sld/sld0100.svc/$metadata#SLDEntities.RegisterBrowserAccessServerAsync" : [
{
"target" : "https://10.55.179.206:443/sld/sld0100.svc/ServiceUnits/RegisterBrowserAccessServerAsync", "title" : "RegisterBrowserAccessServerAsync"
}
], "https://10.55.179.206:443/sld/sld0100.svc/$metadata#SLDEntities.GenerateDomainGroups" : [
{
"target" : "https://10.55.179.206:443/sld/sld0100.svc/ServiceUnits/GenerateDomainGroups", "title" : "GenerateDomainGroups"
}
]
}, "functions" : {
"https://10.55.179.206:443/sld/sld0100.svc/$metadata#SLDEntities.GetDeployableExtensions" : [
{
"target" : "https://10.55.179.206:443/sld/sld0100.svc/ServiceUnits/GetDeployableExtensions", "title" : "GetDeployableExtensions"
}
], "https://10.55.179.206:443/sld/sld0100.svc/$metadata#SLDEntities.GetLastUpgradeSimulations" : [
{
"target" : "https://10.55.179.206:443/sld/sld0100.svc/ServiceUnits/GetLastUpgradeSimulations", "title" : "GetLastUpgradeSimulations"
}
]
}
}
[info] [2018/7/4 17:02:06]  Start Resellers Request...
[info] [2018/7/4 17:02:07]  Resellers are: {
"d" : {
"results" : [
{
"__metadata" : {
"uri" : "https://10.55.179.206:443/sld/sld0100.svc/Resellers(1)", "type" : "SLDModel.Reseller"
}, "Location" : null, "Country" : null, "CreationDate" : "\/Date(1525244400000)\/", "IsShared" : null, "Description" : null, "ContactPerson" : "Bob", "EmployeeCount" : null, "Phone" : null, "Name" : "Reseller H", "ID" : 1, "Email" : "BoB@resellerh.com", "Status" : "Online", "Group" : {
"__deferred" : {
"uri" : "https://10.55.179.206:443/sld/sld0100.svc/Resellers(1)/Group"
}
}, "UsersStorage" : {
"__deferred" : {
"uri" : "https://10.55.179.206:443/sld/sld0100.svc/Resellers(1)/UsersStorage"
}
}
}, {
"__metadata" : {
"uri" : "https://10.55.179.206:443/sld/sld0100.svc/Resellers(2)", "type" : "SLDModel.Reseller"
}, "Location" : null, "Country" : null, "CreationDate" : "\/Date(1525244400000)\/", "IsShared" : null, "Description" : null, "ContactPerson" : "Sean", "EmployeeCount" : null, "Phone" : null, "Name" : "Reseller S", "ID" : 2, "Email" : "Sean@reseleers.com", "Status" : "Online", "Group" : {
"__deferred" : {
"uri" : "https://10.55.179.206:443/sld/sld0100.svc/Resellers(2)/Group"
}
}, "UsersStorage" : {
"__deferred" : {
"uri" : "https://10.55.179.206:443/sld/sld0100.svc/Resellers(2)/UsersStorage"
}
}
}, {
"__metadata" : {
"uri" : "https://10.55.179.206:443/sld/sld0100.svc/Resellers(3)", "type" : "SLDModel.Reseller"
}, "Location" : null, "Country" : null, "CreationDate" : "\/Date(1529650800000)\/", "IsShared" : null, "Description" : null, "ContactPerson" : null, "EmployeeCount" : null, "Phone" : null, "Name" : "test", "ID" : 3, "Email" : "test@test.com", "Status" : "Online", "Group" : {
"__deferred" : {
"uri" : "https://10.55.179.206:443/sld/sld0100.svc/Resellers(3)/Group"
}
}, "UsersStorage" : {
"__deferred" : {
"uri" : "https://10.55.179.206:443/sld/sld0100.svc/Resellers(3)/UsersStorage"
}
}
}
]
}, "actions" : {
"https://10.55.179.206:443/sld/sld0100.svc/$metadata#SLDEntities.CheckResellerStatus" : [
{
"target" : "https://10.55.179.206:443/sld/sld0100.svc/Resellers/CheckResellerStatus", "title" : "CheckResellerStatus"
}
], "https://10.55.179.206:443/sld/sld0100.svc/$metadata#SLDEntities.CreateReseller" : [
{
"target" : "https://10.55.179.206:443/sld/sld0100.svc/Resellers/CreateReseller", "title" : "CreateReseller"
}
], "https://10.55.179.206:443/sld/sld0100.svc/$metadata#SLDEntities.GetAssigningResellers" : [
{
"target" : "https://10.55.179.206:443/sld/sld0100.svc/Resellers/GetAssigningResellers", "title" : "GetAssigningResellers"
}
], "https://10.55.179.206:443/sld/sld0100.svc/$metadata#SLDEntities.CheckLicenseFileIsShared" : [
{
"target" : "https://10.55.179.206:443/sld/sld0100.svc/Resellers/CheckLicenseFileIsShared", "title" : "CheckLicenseFileIsShared"
}
], "https://10.55.179.206:443/sld/sld0100.svc/$metadata#SLDEntities.RemoveReseller" : [
{
"target" : "https://10.55.179.206:443/sld/sld0100.svc/Resellers/RemoveReseller", "title" : "RemoveReseller"
}
], "https://10.55.179.206:443/sld/sld0100.svc/$metadata#SLDEntities.AssignResources" : [
{
"target" : "https://10.55.179.206:443/sld/sld0100.svc/Resellers/AssignResources", "title" : "AssignResources"
}
], "https://10.55.179.206:443/sld/sld0100.svc/$metadata#SLDEntities.UnassignResources" : [
{
"target" : "https://10.55.179.206:443/sld/sld0100.svc/Resellers/UnassignResources", "title" : "UnassignResources"
}
], "https://10.55.179.206:443/sld/sld0100.svc/$metadata#SLDEntities.AssignResource" : [
{
"target" : "https://10.55.179.206:443/sld/sld0100.svc/Resellers/AssignResource", "title" : "AssignResource"
}
], "https://10.55.179.206:443/sld/sld0100.svc/$metadata#SLDEntities.UnassignResource" : [
{
"target" : "https://10.55.179.206:443/sld/sld0100.svc/Resellers/UnassignResource", "title" : "UnassignResource"
}
], "https://10.55.179.206:443/sld/sld0100.svc/$metadata#SLDEntities.AddUserToReseller" : [
{
"target" : "https://10.55.179.206:443/sld/sld0100.svc/Resellers/AddUserToReseller", "title" : "AddUserToReseller"
}
], "https://10.55.179.206:443/sld/sld0100.svc/$metadata#SLDEntities.RemoveUserFromReseller" : [
{
"target" : "https://10.55.179.206:443/sld/sld0100.svc/Resellers/RemoveUserFromReseller", "title" : "RemoveUserFromReseller"
}
]
}, "functions" : {
"https://10.55.179.206:443/sld/sld0100.svc/$metadata#SLDEntities.GetServiceUnitsOfReseller" : [
{
"target" : "https://10.55.179.206:443/sld/sld0100.svc/Resellers/GetServiceUnitsOfReseller", "title" : "GetServiceUnitsOfReseller"
}
], "https://10.55.179.206:443/sld/sld0100.svc/$metadata#SLDEntities.GetCustomersOfReseller" : [
{
"target" : "https://10.55.179.206:443/sld/sld0100.svc/Resellers/GetCustomersOfReseller", "title" : "GetCustomersOfReseller"
}
], "https://10.55.179.206:443/sld/sld0100.svc/$metadata#SLDEntities.GetLicensesOfReseller" : [
{
"target" : "https://10.55.179.206:443/sld/sld0100.svc/Resellers/GetLicensesOfReseller", "title" : "GetLicensesOfReseller"
}
]
}
}
[info] [2018/7/4 17:02:07]  Start Email Request...
[info] [2018/7/4 17:02:07]  Email: {
"d" : {
"results" : [
{
"__metadata" : {
"uri" : "https://10.55.179.206:443/sld/sld0100.svc/MailServers(2)", "type" : "SLDModel.MailServer"
}, "SmtpSslPort" : 465, "DefaultFromEmailAddress" : "yonatan.peretz@sap.com", "SmtpSecurity" : "PLAIN", "SmtpUsername" : "Yoni", "DefaultCharset" : null, "SmtpPort" : 25, "DefaultFromEmailName" : null, "LifeCycleStatus" : "Running", "ID" : 2, "SmtpPassword" : "A12345b", "EmailDelimiter" : null, "Status" : "Online", "SmtpHost" : {
"__metadata" : {
"uri" : "https://10.55.179.206:443/sld/sld0100.svc/Machines(195723)", "type" : "SLDModel.Machine"
}, "Hostname" : "SMTP", "Description" : null, "ID" : 195723, "Status" : "Online", "LifeCycleStatus" : "Running", "AffinityGroup" : {
"__deferred" : {
"uri" : "https://10.55.179.206:443/sld/sld0100.svc/Machines(195723)/AffinityGroup"
}
}, "LogicalMachineLogs" : {
"__deferred" : {
"uri" : "https://10.55.179.206:443/sld/sld0100.svc/Machines(195723)/LogicalMachineLogs"
}
}
}
}
]
}
}
[info] [2018/7/4 17:02:07]  Start Operators Request...
[info] [2018/7/4 17:02:07]  Operators are: {
"d" : {
"results" : [
{
"__metadata" : {
"type" : "SLDModel.UserParam"
}, "ID" : 1, "Status" : "Active", "SystemUsername" : "b1odadmin", "Domain" : "B1CLOUD", "IsSuperSBOUser" : false, "IsPowerSBOUser" : false, "IsSupportSBOUser" : false, "IsDomainAdministrator" : false, "Roles" : {
"results" : [
{
"__metadata" : {
"type" : "SLDModel.RoleParam"
}, "ID" : 1, "Name" : "Cloud Operator"
}
]
}, "EnableSecurityCodeAuthentication" : false, "SecretKeyGenerated" : false
}, {
"__metadata" : {
"type" : "SLDModel.UserParam"
}, "ID" : 2326, "Status" : "Active", "SystemUsername" : "yonatan", "Domain" : "B1CLOUD", "IsSuperSBOUser" : false, "IsPowerSBOUser" : false, "IsSupportSBOUser" : false, "IsDomainAdministrator" : false, "Roles" : {
"results" : [
{
"__metadata" : {
"type" : "SLDModel.RoleParam"
}, "ID" : 1, "Name" : "Cloud Operator"
}
]
}, "EnableSecurityCodeAuthentication" : false, "SecretKeyGenerated" : false
}, {
"__metadata" : {
"type" : "SLDModel.UserParam"
}, "ID" : 3127, "Status" : "Active", "SystemUsername" : "dali", "Domain" : "B1CLOUD", "IsSuperSBOUser" : false, "IsPowerSBOUser" : false, "IsSupportSBOUser" : false, "IsDomainAdministrator" : false, "Roles" : {
"results" : [
{
"__metadata" : {
"type" : "SLDModel.RoleParam"
}, "ID" : 1, "Name" : "Cloud Operator"
}
]
}, "EnableSecurityCodeAuthentication" : false, "SecretKeyGenerated" : false
}
]
}
}
[info] [2018/7/4 17:02:07]  Start getLicenses Request...
[info] [2018/7/4 17:02:08]  License Files are: {
"d" : {
"results" : [
{
"__metadata" : {
"uri" : "https://10.55.179.206:443/sld/sld0100.svc/LicenseFiles(3)", "type" : "SLDModel.LicenseFile"
}, "Localization" : "WW", "InstallationNumber" : "SAP-INTERN", "FileName" : "SAP-INTERN", "SystemNumber" : "000000000850201494", "Description" : "", "ID" : 3, "ExpirationDate" : "\/Date(1559890800000)\/", "Version" : "9.2", "LicenseServer" : {
"__deferred" : {
"uri" : "https://10.55.179.206:443/sld/sld0100.svc/LicenseFiles(3)/LicenseServer"
}
}
}, {
"__metadata" : {
"uri" : "https://10.55.179.206:443/sld/sld0100.svc/LicenseFiles(4)", "type" : "SLDModel.LicenseFile"
}, "Localization" : "WW", "InstallationNumber" : "0020149367", "FileName" : "0020149367", "SystemNumber" : "000000000850203633", "Description" : "", "ID" : 4, "ExpirationDate" : "\/Date(1531724400000)\/", "Version" : "9.2", "LicenseServer" : {
"__deferred" : {
"uri" : "https://10.55.179.206:443/sld/sld0100.svc/LicenseFiles(4)/LicenseServer"
}
}
}
]
}, "actions" : {
"https://10.55.179.206:443/sld/sld0100.svc/$metadata#SLDEntities.ParseLicenseFile" : [
{
"target" : "https://10.55.179.206:443/sld/sld0100.svc/LicenseFiles/ParseLicenseFile", "title" : "ParseLicenseFile"
}
]
}, "functions" : {
"https://10.55.179.206:443/sld/sld0100.svc/$metadata#SLDEntities.GetLicenseModules" : [
{
"target" : "https://10.55.179.206:443/sld/sld0100.svc/LicenseFiles/GetLicenseModules", "title" : "GetLicenseModules"
}
], "https://10.55.179.206:443/sld/sld0100.svc/$metadata#SLDEntities.GetLicenseModulesPerCustomer" : [
{
"target" : "https://10.55.179.206:443/sld/sld0100.svc/LicenseFiles/GetLicenseModulesPerCustomer", "title" : "GetLicenseModulesPerCustomer"
}
], "https://10.55.179.206:443/sld/sld0100.svc/$metadata#SLDEntities.GetLicenseModulesBySBOUser" : [
{
"target" : "https://10.55.179.206:443/sld/sld0100.svc/LicenseFiles/GetLicenseModulesBySBOUser", "title" : "GetLicenseModulesBySBOUser"
}
], "https://10.55.179.206:443/sld/sld0100.svc/$metadata#SLDEntities.GetLicenseAssignments" : [
{
"target" : "https://10.55.179.206:443/sld/sld0100.svc/LicenseFiles/GetLicenseAssignments", "title" : "GetLicenseAssignments"
}
]
}
}
[info] [2018/7/4 17:02:08]  Start getLicenseModules Request...
[info] [2018/7/4 17:02:09]  License Modules are: {
"d" : {
"results" : [
{
"__metadata" : {
"uri" : "https://10.55.179.206:443/sld/sld0100.svc/LicenseModules(2)", "type" : "SLDModel.LicenseModule"
}, "Total" : 2, "InstallationNumber" : "0020149367", "IsExpired" : false, "TotalQuota" : 0, "Available" : 2, "Description" : "SAP Business One Professional User", "HardwareKey" : null, "ID" : 2, "Type" : "PROFESSIONAL", "ExpirationDate" : "\/Date(1531724400000)\/", "StartDate" : "\/Date(1523862000000)\/", "LicenseFile" : {
"__deferred" : {
"uri" : "https://10.55.179.206:443/sld/sld0100.svc/LicenseModules(2)/LicenseFile"
}
}
}, {
"__metadata" : {
"uri" : "https://10.55.179.206:443/sld/sld0100.svc/LicenseModules(3)", "type" : "SLDModel.LicenseModule"
}, "Total" : 99999, "InstallationNumber" : "0020149367", "IsExpired" : false, "TotalQuota" : 0, "Available" : 99999, "Description" : "SAP AddOns", "HardwareKey" : null, "ID" : 3, "Type" : "SAP-ADDONS", "ExpirationDate" : "\/Date(1531724400000)\/", "StartDate" : "\/Date(1523862000000)\/", "LicenseFile" : {
"__deferred" : {
"uri" : "https://10.55.179.206:443/sld/sld0100.svc/LicenseModules(3)/LicenseFile"
}
}
}, {
"__metadata" : {
"uri" : "https://10.55.179.206:443/sld/sld0100.svc/LicenseModules(1)", "type" : "SLDModel.LicenseModule"
}, "Total" : 99999, "InstallationNumber" : "0020149367", "IsExpired" : false, "TotalQuota" : 0, "Available" : 99965, "Description" : "B1i", "HardwareKey" : null, "ID" : 1, "Type" : "SAP0000007051", "ExpirationDate" : "\/Date(1531724400000)\/", "StartDate" : "\/Date(1523862000000)\/", "LicenseFile" : {
"__deferred" : {
"uri" : "https://10.55.179.206:443/sld/sld0100.svc/LicenseModules(1)/LicenseFile"
}
}
}, {
"__metadata" : {
"uri" : "https://10.55.179.206:443/sld/sld0100.svc/LicenseModules(4)", "type" : "SLDModel.LicenseModule"
}, "Total" : 99999, "InstallationNumber" : "0020149367", "IsExpired" : false, "TotalQuota" : 0, "Available" : 99999, "Description" : "SDK Tools", "HardwareKey" : null, "ID" : 4, "Type" : "SDK-TOOLS", "ExpirationDate" : "\/Date(1531724400000)\/", "StartDate" : "\/Date(1523862000000)\/", "LicenseFile" : {
"__deferred" : {
"uri" : "https://10.55.179.206:443/sld/sld0100.svc/LicenseModules(4)/LicenseFile"
}
}
}, {
"__metadata" : {
"uri" : "https://10.55.179.206:443/sld/sld0100.svc/LicenseModules(7)", "type" : "SLDModel.LicenseModule"
}, "Total" : 2, "InstallationNumber" : "0020149367", "IsExpired" : false, "TotalQuota" : 0, "Available" : 2, "Description" : "SAP Business One Limited CRM User", "HardwareKey" : null, "ID" : 7, "Type" : "CRM-LTD", "ExpirationDate" : "\/Date(1531724400000)\/", "StartDate" : "\/Date(1523862000000)\/", "LicenseFile" : {
"__deferred" : {
"uri" : "https://10.55.179.206:443/sld/sld0100.svc/LicenseModules(7)/LicenseFile"
}
}
}, {
"__metadata" : {
"uri" : "https://10.55.179.206:443/sld/sld0100.svc/LicenseModules(5)", "type" : "SLDModel.LicenseModule"
}, "Total" : 2, "InstallationNumber" : "0020149367", "IsExpired" : false, "TotalQuota" : 0, "Available" : 2, "Description" : "SAP Business One Limited Logistics User", "HardwareKey" : null, "ID" : 5, "Type" : "LOGISTICS-LTD", "ExpirationDate" : "\/Date(1531724400000)\/", "StartDate" : "\/Date(1523862000000)\/", "LicenseFile" : {
"__deferred" : {
"uri" : "https://10.55.179.206:443/sld/sld0100.svc/LicenseModules(5)/LicenseFile"
}
}
}, {
"__metadata" : {
"uri" : "https://10.55.179.206:443/sld/sld0100.svc/LicenseModules(6)", "type" : "SLDModel.LicenseModule"
}, "Total" : 1, "InstallationNumber" : "0020149367", "IsExpired" : false, "TotalQuota" : 0, "Available" : 1, "Description" : "B1iINDIRECT_HDB", "HardwareKey" : null, "ID" : 6, "Type" : "B1iINDIRECT", "ExpirationDate" : "\/Date(1531724400000)\/", "StartDate" : "\/Date(1523862000000)\/", "LicenseFile" : {
"__deferred" : {
"uri" : "https://10.55.179.206:443/sld/sld0100.svc/LicenseModules(6)/LicenseFile"
}
}
}
]
}
}
[info] [2018/7/4 17:02:09]  License Modules are: {
"d" : {
"results" : [
{
"__metadata" : {
"uri" : "https://10.55.179.206:443/sld/sld0100.svc/LicenseModules(4)", "type" : "SLDModel.LicenseModule"
}, "Total" : 10, "InstallationNumber" : "SAP-INTERN", "IsExpired" : false, "TotalQuota" : 0, "Available" : 7, "Description" : "SAP Business One Professional User", "HardwareKey" : null, "ID" : 4, "Type" : "PROFESSIONAL", "ExpirationDate" : "\/Date(1559890800000)\/", "StartDate" : "\/Date(1512547200000)\/", "LicenseFile" : {
"__deferred" : {
"uri" : "https://10.55.179.206:443/sld/sld0100.svc/LicenseModules(4)/LicenseFile"
}
}
}, {
"__metadata" : {
"uri" : "https://10.55.179.206:443/sld/sld0100.svc/LicenseModules(1)", "type" : "SLDModel.LicenseModule"
}, "Total" : 99999, "InstallationNumber" : "SAP-INTERN", "IsExpired" : false, "TotalQuota" : 0, "Available" : 99916, "Description" : "SAP AddOns", "HardwareKey" : null, "ID" : 1, "Type" : "SAP-ADDONS", "ExpirationDate" : "\/Date(1559890800000)\/", "StartDate" : "\/Date(1512547200000)\/", "LicenseFile" : {
"__deferred" : {
"uri" : "https://10.55.179.206:443/sld/sld0100.svc/LicenseModules(1)/LicenseFile"
}
}
}, {
"__metadata" : {
"uri" : "https://10.55.179.206:443/sld/sld0100.svc/LicenseModules(2)", "type" : "SLDModel.LicenseModule"
}, "Total" : 99999, "InstallationNumber" : "SAP-INTERN", "IsExpired" : false, "TotalQuota" : 0, "Available" : 99938, "Description" : "B1i", "HardwareKey" : null, "ID" : 2, "Type" : "SAP0000007051", "ExpirationDate" : "\/Date(1559890800000)\/", "StartDate" : "\/Date(1512547200000)\/", "LicenseFile" : {
"__deferred" : {
"uri" : "https://10.55.179.206:443/sld/sld0100.svc/LicenseModules(2)/LicenseFile"
}
}
}, {
"__metadata" : {
"uri" : "https://10.55.179.206:443/sld/sld0100.svc/LicenseModules(3)", "type" : "SLDModel.LicenseModule"
}, "Total" : 99999, "InstallationNumber" : "SAP-INTERN", "IsExpired" : false, "TotalQuota" : 0, "Available" : 99980, "Description" : "SDK Tools", "HardwareKey" : null, "ID" : 3, "Type" : "SDK-TOOLS", "ExpirationDate" : "\/Date(1559890800000)\/", "StartDate" : "\/Date(1512547200000)\/", "LicenseFile" : {
"__deferred" : {
"uri" : "https://10.55.179.206:443/sld/sld0100.svc/LicenseModules(3)/LicenseFile"
}
}
}, {
"__metadata" : {
"uri" : "https://10.55.179.206:443/sld/sld0100.svc/LicenseModules(5)", "type" : "SLDModel.LicenseModule"
}, "Total" : 1, "InstallationNumber" : "SAP-INTERN", "IsExpired" : false, "TotalQuota" : 0, "Available" : 0, "Description" : "B1iINDIRECT_MSS", "HardwareKey" : null, "ID" : 5, "Type" : "B1iINDIRECT", "ExpirationDate" : "\/Date(1559890800000)\/", "StartDate" : "\/Date(1512547200000)\/", "LicenseFile" : {
"__deferred" : {
"uri" : "https://10.55.179.206:443/sld/sld0100.svc/LicenseModules(5)/LicenseFile"
}
}
}
]
}
}
[info] [2018/7/4 17:02:16]  Start SavedLogin Request...
[info] [2018/7/4 17:02:17]  Login Seccsefully true
[info] [2018/7/4 17:02:19]  Start SecurityToken Request...
[info] [2018/7/4 17:02:19]  SecurityToken is: 3ADC7D2A3DF43A2CF854E1F1F2CC92BEF193014F89EBE55568BD83EA085CBC2C7DBEF1FF84608BDCB2E322A76BB4E7B75E07AAF6461A3A9553294B4CB45F245439647A353B5A85 
Cookie: JSESSIONID=68582A55B0F41651ACC5297A4B7A8309
[info] [2018/7/4 17:02:19]  Start Domain Request...
[info] [2018/7/4 17:02:19]  Domain name is: {
"d" : {
"GetDomainName" : "B1CLOUD"
}
}
[info] [2018/7/4 17:02:19]  Start ServiceUnits Request...
[info] [2018/7/4 17:02:20]  Service Units are: {
"d" : {
"results" : [
{
"__metadata" : {
"uri" : "https://10.55.179.206:443/sld/sld0100.svc/ServiceUnits(1739)", "type" : "SLDModel.ServiceUnit"
}, "CreationDate" : "\/Date(1525244400000)\/", "Purpose" : "Productive", "Description" : null, "Mode" : "", "ID" : 1739, "Version" : "920.181.08", "Name" : "SU_MSSQL", "Status" : "Online", "IntegrationComponent" : {
"__deferred" : {
"uri" : "https://10.55.179.206:443/sld/sld0100.svc/ServiceUnits(1739)/IntegrationComponent"
}
}, "TenantsStorage" : {
"__deferred" : {
"uri" : "https://10.55.179.206:443/sld/sld0100.svc/ServiceUnits(1739)/TenantsStorage"
}
}, "RSPService" : {
"__deferred" : {
"uri" : "https://10.55.179.206:443/sld/sld0100.svc/ServiceUnits(1739)/RSPService"
}
}, "XAppService" : {
"__deferred" : {
"uri" : "https://10.55.179.206:443/sld/sld0100.svc/ServiceUnits(1739)/XAppService"
}
}, "SoftwareRepository" : {
"__deferred" : {
"uri" : "https://10.55.179.206:443/sld/sld0100.svc/ServiceUnits(1739)/SoftwareRepository"
}
}, "Group" : {
"__deferred" : {
"uri" : "https://10.55.179.206:443/sld/sld0100.svc/ServiceUnits(1739)/Group"
}
}, "ReferenceServiceUnit" : {
"__deferred" : {
"uri" : "https://10.55.179.206:443/sld/sld0100.svc/ServiceUnits(1739)/ReferenceServiceUnit"
}
}, "AnalyticsService" : {
"__deferred" : {
"uri" : "https://10.55.179.206:443/sld/sld0100.svc/ServiceUnits(1739)/AnalyticsService"
}
}, "LicenseServer" : {
"__deferred" : {
"uri" : "https://10.55.179.206:443/sld/sld0100.svc/ServiceUnits(1739)/LicenseServer"
}
}, "CompanyTemplateRepository" : {
"__deferred" : {
"uri" : "https://10.55.179.206:443/sld/sld0100.svc/ServiceUnits(1739)/CompanyTemplateRepository"
}
}, "SharedFolder" : {
"__deferred" : {
"uri" : "https://10.55.179.206:443/sld/sld0100.svc/ServiceUnits(1739)/SharedFolder"
}
}, "CommonDatabase" : {
"__deferred" : {
"uri" : "https://10.55.179.206:443/sld/sld0100.svc/ServiceUnits(1739)/CommonDatabase"
}
}, "ImplementationRepository" : {
"__deferred" : {
"uri" : "https://10.55.179.206:443/sld/sld0100.svc/ServiceUnits(1739)/ImplementationRepository"
}
}, "Mailer" : {
"__deferred" : {
"uri" : "https://10.55.179.206:443/sld/sld0100.svc/ServiceUnits(1739)/Mailer"
}
}, "WorkflowServers" : {
"__deferred" : {
"uri" : "https://10.55.179.206:443/sld/sld0100.svc/ServiceUnits(1739)/WorkflowServers"
}
}, "Tenants" : {
"__deferred" : {
"uri" : "https://10.55.179.206:443/sld/sld0100.svc/ServiceUnits(1739)/Tenants"
}
}, "B1ServiceLayers" : {
"__deferred" : {
"uri" : "https://10.55.179.206:443/sld/sld0100.svc/ServiceUnits(1739)/B1ServiceLayers"
}
}, "B1WebServers" : {
"__deferred" : {
"uri" : "https://10.55.179.206:443/sld/sld0100.svc/ServiceUnits(1739)/B1WebServers"
}
}, "PresentationServers" : {
"__deferred" : {
"uri" : "https://10.55.179.206:443/sld/sld0100.svc/ServiceUnits(1739)/PresentationServers"
}
}, "MobileServices" : {
"__deferred" : {
"uri" : "https://10.55.179.206:443/sld/sld0100.svc/ServiceUnits(1739)/MobileServices"
}
}
}, {
"__metadata" : {
"uri" : "https://10.55.179.206:443/sld/sld0100.svc/ServiceUnits(222999)", "type" : "SLDModel.ServiceUnit"
}, "CreationDate" : "\/Date(1529910000000)\/", "Purpose" : "Productive", "Description" : null, "Mode" : "", "ID" : 222999, "Version" : "920.210.11", "Name" : "SU_HANA", "Status" : "Online", "IntegrationComponent" : {
"__deferred" : {
"uri" : "https://10.55.179.206:443/sld/sld0100.svc/ServiceUnits(222999)/IntegrationComponent"
}
}, "TenantsStorage" : {
"__deferred" : {
"uri" : "https://10.55.179.206:443/sld/sld0100.svc/ServiceUnits(222999)/TenantsStorage"
}
}, "RSPService" : {
"__deferred" : {
"uri" : "https://10.55.179.206:443/sld/sld0100.svc/ServiceUnits(222999)/RSPService"
}
}, "XAppService" : {
"__deferred" : {
"uri" : "https://10.55.179.206:443/sld/sld0100.svc/ServiceUnits(222999)/XAppService"
}
}, "SoftwareRepository" : {
"__deferred" : {
"uri" : "https://10.55.179.206:443/sld/sld0100.svc/ServiceUnits(222999)/SoftwareRepository"
}
}, "Group" : {
"__deferred" : {
"uri" : "https://10.55.179.206:443/sld/sld0100.svc/ServiceUnits(222999)/Group"
}
}, "ReferenceServiceUnit" : {
"__deferred" : {
"uri" : "https://10.55.179.206:443/sld/sld0100.svc/ServiceUnits(222999)/ReferenceServiceUnit"
}
}, "AnalyticsService" : {
"__deferred" : {
"uri" : "https://10.55.179.206:443/sld/sld0100.svc/ServiceUnits(222999)/AnalyticsService"
}
}, "LicenseServer" : {
"__deferred" : {
"uri" : "https://10.55.179.206:443/sld/sld0100.svc/ServiceUnits(222999)/LicenseServer"
}
}, "CompanyTemplateRepository" : {
"__deferred" : {
"uri" : "https://10.55.179.206:443/sld/sld0100.svc/ServiceUnits(222999)/CompanyTemplateRepository"
}
}, "SharedFolder" : {
"__deferred" : {
"uri" : "https://10.55.179.206:443/sld/sld0100.svc/ServiceUnits(222999)/SharedFolder"
}
}, "CommonDatabase" : {
"__deferred" : {
"uri" : "https://10.55.179.206:443/sld/sld0100.svc/ServiceUnits(222999)/CommonDatabase"
}
}, "ImplementationRepository" : {
"__deferred" : {
"uri" : "https://10.55.179.206:443/sld/sld0100.svc/ServiceUnits(222999)/ImplementationRepository"
}
}, "Mailer" : {
"__deferred" : {
"uri" : "https://10.55.179.206:443/sld/sld0100.svc/ServiceUnits(222999)/Mailer"
}
}, "WorkflowServers" : {
"__deferred" : {
"uri" : "https://10.55.179.206:443/sld/sld0100.svc/ServiceUnits(222999)/WorkflowServers"
}
}, "Tenants" : {
"__deferred" : {
"uri" : "https://10.55.179.206:443/sld/sld0100.svc/ServiceUnits(222999)/Tenants"
}
}, "B1ServiceLayers" : {
"__deferred" : {
"uri" : "https://10.55.179.206:443/sld/sld0100.svc/ServiceUnits(222999)/B1ServiceLayers"
}
}, "B1WebServers" : {
"__deferred" : {
"uri" : "https://10.55.179.206:443/sld/sld0100.svc/ServiceUnits(222999)/B1WebServers"
}
}, "PresentationServers" : {
"__deferred" : {
"uri" : "https://10.55.179.206:443/sld/sld0100.svc/ServiceUnits(222999)/PresentationServers"
}
}, "MobileServices" : {
"__deferred" : {
"uri" : "https://10.55.179.206:443/sld/sld0100.svc/ServiceUnits(222999)/MobileServices"
}
}
}
]
}, "actions" : {
"https://10.55.179.206:443/sld/sld0100.svc/$metadata#SLDEntities.CreateServiceUnitAsync" : [
{
"target" : "https://10.55.179.206:443/sld/sld0100.svc/ServiceUnits/CreateServiceUnitAsync", "title" : "CreateServiceUnitAsync"
}
], "https://10.55.179.206:443/sld/sld0100.svc/$metadata#SLDEntities.DeleteServiceUnit" : [
{
"target" : "https://10.55.179.206:443/sld/sld0100.svc/ServiceUnits/DeleteServiceUnit", "title" : "DeleteServiceUnit"
}
], "https://10.55.179.206:443/sld/sld0100.svc/$metadata#SLDEntities.RegisterPresentationServerAsync" : [
{
"target" : "https://10.55.179.206:443/sld/sld0100.svc/ServiceUnits/RegisterPresentationServerAsync", "title" : "RegisterPresentationServerAsync"
}
], "https://10.55.179.206:443/sld/sld0100.svc/$metadata#SLDEntities.RegisterBrowserAccessServerAsync" : [
{
"target" : "https://10.55.179.206:443/sld/sld0100.svc/ServiceUnits/RegisterBrowserAccessServerAsync", "title" : "RegisterBrowserAccessServerAsync"
}
], "https://10.55.179.206:443/sld/sld0100.svc/$metadata#SLDEntities.GenerateDomainGroups" : [
{
"target" : "https://10.55.179.206:443/sld/sld0100.svc/ServiceUnits/GenerateDomainGroups", "title" : "GenerateDomainGroups"
}
]
}, "functions" : {
"https://10.55.179.206:443/sld/sld0100.svc/$metadata#SLDEntities.GetDeployableExtensions" : [
{
"target" : "https://10.55.179.206:443/sld/sld0100.svc/ServiceUnits/GetDeployableExtensions", "title" : "GetDeployableExtensions"
}
], "https://10.55.179.206:443/sld/sld0100.svc/$metadata#SLDEntities.GetLastUpgradeSimulations" : [
{
"target" : "https://10.55.179.206:443/sld/sld0100.svc/ServiceUnits/GetLastUpgradeSimulations", "title" : "GetLastUpgradeSimulations"
}
]
}
}
[info] [2018/7/4 17:02:20]  Start Resellers Request...
[info] [2018/7/4 17:02:20]  Resellers are: {
"d" : {
"results" : [
{
"__metadata" : {
"uri" : "https://10.55.179.206:443/sld/sld0100.svc/Resellers(1)", "type" : "SLDModel.Reseller"
}, "Location" : null, "Country" : null, "CreationDate" : "\/Date(1525244400000)\/", "IsShared" : null, "Description" : null, "ContactPerson" : "Bob", "EmployeeCount" : null, "Phone" : null, "Name" : "Reseller H", "ID" : 1, "Email" : "BoB@resellerh.com", "Status" : "Online", "Group" : {
"__deferred" : {
"uri" : "https://10.55.179.206:443/sld/sld0100.svc/Resellers(1)/Group"
}
}, "UsersStorage" : {
"__deferred" : {
"uri" : "https://10.55.179.206:443/sld/sld0100.svc/Resellers(1)/UsersStorage"
}
}
}, {
"__metadata" : {
"uri" : "https://10.55.179.206:443/sld/sld0100.svc/Resellers(2)", "type" : "SLDModel.Reseller"
}, "Location" : null, "Country" : null, "CreationDate" : "\/Date(1525244400000)\/", "IsShared" : null, "Description" : null, "ContactPerson" : "Sean", "EmployeeCount" : null, "Phone" : null, "Name" : "Reseller S", "ID" : 2, "Email" : "Sean@reseleers.com", "Status" : "Online", "Group" : {
"__deferred" : {
"uri" : "https://10.55.179.206:443/sld/sld0100.svc/Resellers(2)/Group"
}
}, "UsersStorage" : {
"__deferred" : {
"uri" : "https://10.55.179.206:443/sld/sld0100.svc/Resellers(2)/UsersStorage"
}
}
}, {
"__metadata" : {
"uri" : "https://10.55.179.206:443/sld/sld0100.svc/Resellers(3)", "type" : "SLDModel.Reseller"
}, "Location" : null, "Country" : null, "CreationDate" : "\/Date(1529650800000)\/", "IsShared" : null, "Description" : null, "ContactPerson" : null, "EmployeeCount" : null, "Phone" : null, "Name" : "test", "ID" : 3, "Email" : "test@test.com", "Status" : "Online", "Group" : {
"__deferred" : {
"uri" : "https://10.55.179.206:443/sld/sld0100.svc/Resellers(3)/Group"
}
}, "UsersStorage" : {
"__deferred" : {
"uri" : "https://10.55.179.206:443/sld/sld0100.svc/Resellers(3)/UsersStorage"
}
}
}
]
}, "actions" : {
"https://10.55.179.206:443/sld/sld0100.svc/$metadata#SLDEntities.CheckResellerStatus" : [
{
"target" : "https://10.55.179.206:443/sld/sld0100.svc/Resellers/CheckResellerStatus", "title" : "CheckResellerStatus"
}
], "https://10.55.179.206:443/sld/sld0100.svc/$metadata#SLDEntities.CreateReseller" : [
{
"target" : "https://10.55.179.206:443/sld/sld0100.svc/Resellers/CreateReseller", "title" : "CreateReseller"
}
], "https://10.55.179.206:443/sld/sld0100.svc/$metadata#SLDEntities.GetAssigningResellers" : [
{
"target" : "https://10.55.179.206:443/sld/sld0100.svc/Resellers/GetAssigningResellers", "title" : "GetAssigningResellers"
}
], "https://10.55.179.206:443/sld/sld0100.svc/$metadata#SLDEntities.CheckLicenseFileIsShared" : [
{
"target" : "https://10.55.179.206:443/sld/sld0100.svc/Resellers/CheckLicenseFileIsShared", "title" : "CheckLicenseFileIsShared"
}
], "https://10.55.179.206:443/sld/sld0100.svc/$metadata#SLDEntities.RemoveReseller" : [
{
"target" : "https://10.55.179.206:443/sld/sld0100.svc/Resellers/RemoveReseller", "title" : "RemoveReseller"
}
], "https://10.55.179.206:443/sld/sld0100.svc/$metadata#SLDEntities.AssignResources" : [
{
"target" : "https://10.55.179.206:443/sld/sld0100.svc/Resellers/AssignResources", "title" : "AssignResources"
}
], "https://10.55.179.206:443/sld/sld0100.svc/$metadata#SLDEntities.UnassignResources" : [
{
"target" : "https://10.55.179.206:443/sld/sld0100.svc/Resellers/UnassignResources", "title" : "UnassignResources"
}
], "https://10.55.179.206:443/sld/sld0100.svc/$metadata#SLDEntities.AssignResource" : [
{
"target" : "https://10.55.179.206:443/sld/sld0100.svc/Resellers/AssignResource", "title" : "AssignResource"
}
], "https://10.55.179.206:443/sld/sld0100.svc/$metadata#SLDEntities.UnassignResource" : [
{
"target" : "https://10.55.179.206:443/sld/sld0100.svc/Resellers/UnassignResource", "title" : "UnassignResource"
}
], "https://10.55.179.206:443/sld/sld0100.svc/$metadata#SLDEntities.AddUserToReseller" : [
{
"target" : "https://10.55.179.206:443/sld/sld0100.svc/Resellers/AddUserToReseller", "title" : "AddUserToReseller"
}
], "https://10.55.179.206:443/sld/sld0100.svc/$metadata#SLDEntities.RemoveUserFromReseller" : [
{
"target" : "https://10.55.179.206:443/sld/sld0100.svc/Resellers/RemoveUserFromReseller", "title" : "RemoveUserFromReseller"
}
]
}, "functions" : {
"https://10.55.179.206:443/sld/sld0100.svc/$metadata#SLDEntities.GetServiceUnitsOfReseller" : [
{
"target" : "https://10.55.179.206:443/sld/sld0100.svc/Resellers/GetServiceUnitsOfReseller", "title" : "GetServiceUnitsOfReseller"
}
], "https://10.55.179.206:443/sld/sld0100.svc/$metadata#SLDEntities.GetCustomersOfReseller" : [
{
"target" : "https://10.55.179.206:443/sld/sld0100.svc/Resellers/GetCustomersOfReseller", "title" : "GetCustomersOfReseller"
}
], "https://10.55.179.206:443/sld/sld0100.svc/$metadata#SLDEntities.GetLicensesOfReseller" : [
{
"target" : "https://10.55.179.206:443/sld/sld0100.svc/Resellers/GetLicensesOfReseller", "title" : "GetLicensesOfReseller"
}
]
}
}
[info] [2018/7/4 17:02:20]  Start Email Request...
[info] [2018/7/4 17:02:20]  Email: {
"d" : {
"results" : [
{
"__metadata" : {
"uri" : "https://10.55.179.206:443/sld/sld0100.svc/MailServers(2)", "type" : "SLDModel.MailServer"
}, "SmtpSslPort" : 465, "DefaultFromEmailAddress" : "yonatan.peretz@sap.com", "SmtpSecurity" : "PLAIN", "SmtpUsername" : "Yoni", "DefaultCharset" : null, "SmtpPort" : 25, "DefaultFromEmailName" : null, "LifeCycleStatus" : "Running", "ID" : 2, "SmtpPassword" : "A12345b", "EmailDelimiter" : null, "Status" : "Online", "SmtpHost" : {
"__metadata" : {
"uri" : "https://10.55.179.206:443/sld/sld0100.svc/Machines(195723)", "type" : "SLDModel.Machine"
}, "Hostname" : "SMTP", "Description" : null, "ID" : 195723, "Status" : "Online", "LifeCycleStatus" : "Running", "AffinityGroup" : {
"__deferred" : {
"uri" : "https://10.55.179.206:443/sld/sld0100.svc/Machines(195723)/AffinityGroup"
}
}, "LogicalMachineLogs" : {
"__deferred" : {
"uri" : "https://10.55.179.206:443/sld/sld0100.svc/Machines(195723)/LogicalMachineLogs"
}
}
}
}
]
}
}
[info] [2018/7/4 17:02:20]  Start Operators Request...
[info] [2018/7/4 17:02:21]  Operators are: {
"d" : {
"results" : [
{
"__metadata" : {
"type" : "SLDModel.UserParam"
}, "ID" : 1, "Status" : "Active", "SystemUsername" : "b1odadmin", "Domain" : "B1CLOUD", "IsSuperSBOUser" : false, "IsPowerSBOUser" : false, "IsSupportSBOUser" : false, "IsDomainAdministrator" : false, "Roles" : {
"results" : [
{
"__metadata" : {
"type" : "SLDModel.RoleParam"
}, "ID" : 1, "Name" : "Cloud Operator"
}
]
}, "EnableSecurityCodeAuthentication" : false, "SecretKeyGenerated" : false
}, {
"__metadata" : {
"type" : "SLDModel.UserParam"
}, "ID" : 2326, "Status" : "Active", "SystemUsername" : "yonatan", "Domain" : "B1CLOUD", "IsSuperSBOUser" : false, "IsPowerSBOUser" : false, "IsSupportSBOUser" : false, "IsDomainAdministrator" : false, "Roles" : {
"results" : [
{
"__metadata" : {
"type" : "SLDModel.RoleParam"
}, "ID" : 1, "Name" : "Cloud Operator"
}
]
}, "EnableSecurityCodeAuthentication" : false, "SecretKeyGenerated" : false
}, {
"__metadata" : {
"type" : "SLDModel.UserParam"
}, "ID" : 3127, "Status" : "Active", "SystemUsername" : "dali", "Domain" : "B1CLOUD", "IsSuperSBOUser" : false, "IsPowerSBOUser" : false, "IsSupportSBOUser" : false, "IsDomainAdministrator" : false, "Roles" : {
"results" : [
{
"__metadata" : {
"type" : "SLDModel.RoleParam"
}, "ID" : 1, "Name" : "Cloud Operator"
}
]
}, "EnableSecurityCodeAuthentication" : false, "SecretKeyGenerated" : false
}
]
}
}
[info] [2018/7/4 17:02:21]  Start getLicenses Request...
[info] [2018/7/4 17:02:21]  License Files are: {
"d" : {
"results" : [
{
"__metadata" : {
"uri" : "https://10.55.179.206:443/sld/sld0100.svc/LicenseFiles(3)", "type" : "SLDModel.LicenseFile"
}, "Localization" : "WW", "InstallationNumber" : "SAP-INTERN", "FileName" : "SAP-INTERN", "SystemNumber" : "000000000850201494", "Description" : "", "ID" : 3, "ExpirationDate" : "\/Date(1559890800000)\/", "Version" : "9.2", "LicenseServer" : {
"__deferred" : {
"uri" : "https://10.55.179.206:443/sld/sld0100.svc/LicenseFiles(3)/LicenseServer"
}
}
}, {
"__metadata" : {
"uri" : "https://10.55.179.206:443/sld/sld0100.svc/LicenseFiles(4)", "type" : "SLDModel.LicenseFile"
}, "Localization" : "WW", "InstallationNumber" : "0020149367", "FileName" : "0020149367", "SystemNumber" : "000000000850203633", "Description" : "", "ID" : 4, "ExpirationDate" : "\/Date(1531724400000)\/", "Version" : "9.2", "LicenseServer" : {
"__deferred" : {
"uri" : "https://10.55.179.206:443/sld/sld0100.svc/LicenseFiles(4)/LicenseServer"
}
}
}
]
}, "actions" : {
"https://10.55.179.206:443/sld/sld0100.svc/$metadata#SLDEntities.ParseLicenseFile" : [
{
"target" : "https://10.55.179.206:443/sld/sld0100.svc/LicenseFiles/ParseLicenseFile", "title" : "ParseLicenseFile"
}
]
}, "functions" : {
"https://10.55.179.206:443/sld/sld0100.svc/$metadata#SLDEntities.GetLicenseModules" : [
{
"target" : "https://10.55.179.206:443/sld/sld0100.svc/LicenseFiles/GetLicenseModules", "title" : "GetLicenseModules"
}
], "https://10.55.179.206:443/sld/sld0100.svc/$metadata#SLDEntities.GetLicenseModulesPerCustomer" : [
{
"target" : "https://10.55.179.206:443/sld/sld0100.svc/LicenseFiles/GetLicenseModulesPerCustomer", "title" : "GetLicenseModulesPerCustomer"
}
], "https://10.55.179.206:443/sld/sld0100.svc/$metadata#SLDEntities.GetLicenseModulesBySBOUser" : [
{
"target" : "https://10.55.179.206:443/sld/sld0100.svc/LicenseFiles/GetLicenseModulesBySBOUser", "title" : "GetLicenseModulesBySBOUser"
}
], "https://10.55.179.206:443/sld/sld0100.svc/$metadata#SLDEntities.GetLicenseAssignments" : [
{
"target" : "https://10.55.179.206:443/sld/sld0100.svc/LicenseFiles/GetLicenseAssignments", "title" : "GetLicenseAssignments"
}
]
}
}
[info] [2018/7/4 17:02:21]  Start getLicenseModules Request...
[info] [2018/7/4 17:02:22]  License Modules are: {
"d" : {
"results" : [
{
"__metadata" : {
"uri" : "https://10.55.179.206:443/sld/sld0100.svc/LicenseModules(2)", "type" : "SLDModel.LicenseModule"
}, "Total" : 2, "InstallationNumber" : "0020149367", "IsExpired" : false, "TotalQuota" : 0, "Available" : 2, "Description" : "SAP Business One Professional User", "HardwareKey" : null, "ID" : 2, "Type" : "PROFESSIONAL", "ExpirationDate" : "\/Date(1531724400000)\/", "StartDate" : "\/Date(1523862000000)\/", "LicenseFile" : {
"__deferred" : {
"uri" : "https://10.55.179.206:443/sld/sld0100.svc/LicenseModules(2)/LicenseFile"
}
}
}, {
"__metadata" : {
"uri" : "https://10.55.179.206:443/sld/sld0100.svc/LicenseModules(3)", "type" : "SLDModel.LicenseModule"
}, "Total" : 99999, "InstallationNumber" : "0020149367", "IsExpired" : false, "TotalQuota" : 0, "Available" : 99999, "Description" : "SAP AddOns", "HardwareKey" : null, "ID" : 3, "Type" : "SAP-ADDONS", "ExpirationDate" : "\/Date(1531724400000)\/", "StartDate" : "\/Date(1523862000000)\/", "LicenseFile" : {
"__deferred" : {
"uri" : "https://10.55.179.206:443/sld/sld0100.svc/LicenseModules(3)/LicenseFile"
}
}
}, {
"__metadata" : {
"uri" : "https://10.55.179.206:443/sld/sld0100.svc/LicenseModules(1)", "type" : "SLDModel.LicenseModule"
}, "Total" : 99999, "InstallationNumber" : "0020149367", "IsExpired" : false, "TotalQuota" : 0, "Available" : 99965, "Description" : "B1i", "HardwareKey" : null, "ID" : 1, "Type" : "SAP0000007051", "ExpirationDate" : "\/Date(1531724400000)\/", "StartDate" : "\/Date(1523862000000)\/", "LicenseFile" : {
"__deferred" : {
"uri" : "https://10.55.179.206:443/sld/sld0100.svc/LicenseModules(1)/LicenseFile"
}
}
}, {
"__metadata" : {
"uri" : "https://10.55.179.206:443/sld/sld0100.svc/LicenseModules(4)", "type" : "SLDModel.LicenseModule"
}, "Total" : 99999, "InstallationNumber" : "0020149367", "IsExpired" : false, "TotalQuota" : 0, "Available" : 99999, "Description" : "SDK Tools", "HardwareKey" : null, "ID" : 4, "Type" : "SDK-TOOLS", "ExpirationDate" : "\/Date(1531724400000)\/", "StartDate" : "\/Date(1523862000000)\/", "LicenseFile" : {
"__deferred" : {
"uri" : "https://10.55.179.206:443/sld/sld0100.svc/LicenseModules(4)/LicenseFile"
}
}
}, {
"__metadata" : {
"uri" : "https://10.55.179.206:443/sld/sld0100.svc/LicenseModules(7)", "type" : "SLDModel.LicenseModule"
}, "Total" : 2, "InstallationNumber" : "0020149367", "IsExpired" : false, "TotalQuota" : 0, "Available" : 2, "Description" : "SAP Business One Limited CRM User", "HardwareKey" : null, "ID" : 7, "Type" : "CRM-LTD", "ExpirationDate" : "\/Date(1531724400000)\/", "StartDate" : "\/Date(1523862000000)\/", "LicenseFile" : {
"__deferred" : {
"uri" : "https://10.55.179.206:443/sld/sld0100.svc/LicenseModules(7)/LicenseFile"
}
}
}, {
"__metadata" : {
"uri" : "https://10.55.179.206:443/sld/sld0100.svc/LicenseModules(5)", "type" : "SLDModel.LicenseModule"
}, "Total" : 2, "InstallationNumber" : "0020149367", "IsExpired" : false, "TotalQuota" : 0, "Available" : 2, "Description" : "SAP Business One Limited Logistics User", "HardwareKey" : null, "ID" : 5, "Type" : "LOGISTICS-LTD", "ExpirationDate" : "\/Date(1531724400000)\/", "StartDate" : "\/Date(1523862000000)\/", "LicenseFile" : {
"__deferred" : {
"uri" : "https://10.55.179.206:443/sld/sld0100.svc/LicenseModules(5)/LicenseFile"
}
}
}, {
"__metadata" : {
"uri" : "https://10.55.179.206:443/sld/sld0100.svc/LicenseModules(6)", "type" : "SLDModel.LicenseModule"
}, "Total" : 1, "InstallationNumber" : "0020149367", "IsExpired" : false, "TotalQuota" : 0, "Available" : 1, "Description" : "B1iINDIRECT_HDB", "HardwareKey" : null, "ID" : 6, "Type" : "B1iINDIRECT", "ExpirationDate" : "\/Date(1531724400000)\/", "StartDate" : "\/Date(1523862000000)\/", "LicenseFile" : {
"__deferred" : {
"uri" : "https://10.55.179.206:443/sld/sld0100.svc/LicenseModules(6)/LicenseFile"
}
}
}
]
}
}
[info] [2018/7/4 17:02:22]  License Modules are: {
"d" : {
"results" : [
{
"__metadata" : {
"uri" : "https://10.55.179.206:443/sld/sld0100.svc/LicenseModules(4)", "type" : "SLDModel.LicenseModule"
}, "Total" : 10, "InstallationNumber" : "SAP-INTERN", "IsExpired" : false, "TotalQuota" : 0, "Available" : 7, "Description" : "SAP Business One Professional User", "HardwareKey" : null, "ID" : 4, "Type" : "PROFESSIONAL", "ExpirationDate" : "\/Date(1559890800000)\/", "StartDate" : "\/Date(1512547200000)\/", "LicenseFile" : {
"__deferred" : {
"uri" : "https://10.55.179.206:443/sld/sld0100.svc/LicenseModules(4)/LicenseFile"
}
}
}, {
"__metadata" : {
"uri" : "https://10.55.179.206:443/sld/sld0100.svc/LicenseModules(1)", "type" : "SLDModel.LicenseModule"
}, "Total" : 99999, "InstallationNumber" : "SAP-INTERN", "IsExpired" : false, "TotalQuota" : 0, "Available" : 99916, "Description" : "SAP AddOns", "HardwareKey" : null, "ID" : 1, "Type" : "SAP-ADDONS", "ExpirationDate" : "\/Date(1559890800000)\/", "StartDate" : "\/Date(1512547200000)\/", "LicenseFile" : {
"__deferred" : {
"uri" : "https://10.55.179.206:443/sld/sld0100.svc/LicenseModules(1)/LicenseFile"
}
}
}, {
"__metadata" : {
"uri" : "https://10.55.179.206:443/sld/sld0100.svc/LicenseModules(2)", "type" : "SLDModel.LicenseModule"
}, "Total" : 99999, "InstallationNumber" : "SAP-INTERN", "IsExpired" : false, "TotalQuota" : 0, "Available" : 99938, "Description" : "B1i", "HardwareKey" : null, "ID" : 2, "Type" : "SAP0000007051", "ExpirationDate" : "\/Date(1559890800000)\/", "StartDate" : "\/Date(1512547200000)\/", "LicenseFile" : {
"__deferred" : {
"uri" : "https://10.55.179.206:443/sld/sld0100.svc/LicenseModules(2)/LicenseFile"
}
}
}, {
"__metadata" : {
"uri" : "https://10.55.179.206:443/sld/sld0100.svc/LicenseModules(3)", "type" : "SLDModel.LicenseModule"
}, "Total" : 99999, "InstallationNumber" : "SAP-INTERN", "IsExpired" : false, "TotalQuota" : 0, "Available" : 99980, "Description" : "SDK Tools", "HardwareKey" : null, "ID" : 3, "Type" : "SDK-TOOLS", "ExpirationDate" : "\/Date(1559890800000)\/", "StartDate" : "\/Date(1512547200000)\/", "LicenseFile" : {
"__deferred" : {
"uri" : "https://10.55.179.206:443/sld/sld0100.svc/LicenseModules(3)/LicenseFile"
}
}
}, {
"__metadata" : {
"uri" : "https://10.55.179.206:443/sld/sld0100.svc/LicenseModules(5)", "type" : "SLDModel.LicenseModule"
}, "Total" : 1, "InstallationNumber" : "SAP-INTERN", "IsExpired" : false, "TotalQuota" : 0, "Available" : 0, "Description" : "B1iINDIRECT_MSS", "HardwareKey" : null, "ID" : 5, "Type" : "B1iINDIRECT", "ExpirationDate" : "\/Date(1559890800000)\/", "StartDate" : "\/Date(1512547200000)\/", "LicenseFile" : {
"__deferred" : {
"uri" : "https://10.55.179.206:443/sld/sld0100.svc/LicenseModules(5)/LicenseFile"
}
}
}
]
}
}


[info] [2018/7/4 17:21:36]  Start SavedLogin Request...
[info] [2018/7/4 17:21:36]  Login Seccsefully true
[info] [2018/7/4 17:21:36]  Start SecurityToken Request...
[info] [2018/7/4 17:21:36]  SecurityToken is: 6F3EB32F3F66AA94E8C2E18A51084B4D0CCAF00FB41FD14319D7BC4E02AF5EDD1C282197A5C2D0C4378551801E0B36BFC85D3B11D581DC68A3338EF98D158EAD4E7997624412F7 
Cookie: JSESSIONID=D619FE3A47DD5FFDD38B53764DB2A28F
[info] [2018/7/4 17:21:36]  Start CompanyTemplateRepo request...
[info] [2018/7/4 17:21:37]  Company Template Repo ID: 1069
[info] [2018/7/4 17:21:37]  Start BackupPath request...
[info] [2018/7/4 17:21:37]  Backup path01: [object Object]
[info] [2018/7/4 17:21:37]  Backup path11: [object Object]
[info] [2018/7/4 17:21:37]  Backup path21: [object Object]
[info] [2018/7/4 17:21:37]  Backup path31: [object Object]
[info] [2018/7/4 17:21:37]  Start ImplementationRepo request...
[info] [2018/7/4 17:21:37]  Implementation Repo ID: 1062
[info] [2018/7/4 17:21:37]  Start PackagePath request...
[info] [2018/7/4 17:21:38]  Package path01: [object Object]
[info] [2018/7/4 17:21:38]  Start CommonDB Request...
[info] [2018/7/4 17:21:38]  Common Database #: 1235
[info] [2018/7/4 17:21:38]  Start LocalizationLists Request...
[info] [2018/7/4 17:21:38]  Localization Lists are: AR,Argentina,AT,Austria,AU,Australia/New Zealand,BE,Belgium,BR,Brazil,CA,Canada,CH,Switzerland,CL,Chile,CN,P.R.China/Hong-Kong,CR,Costa Rica,CY,Cyprus,CZ,Czech Rep.,DE,Germany,DK,Denmark,ES,Spain,FI,Finland,FR,France,GB,United Kingdom/Ireland,GR,Greece,GT,Guatemala,HU,Hungary,IL,Israel,IN,India,IT,Italy,JP,Japan,KR,South Korea,MX,Mexico,NL,Netherlands,NO,Norway,PA,Panama,PL,Poland,PT,Portugal,RU,Russia,SE,Sweden,SG,Singapore,SK,Slovakia,TR,Turkey,US,United States Of America/Puerto Rico,ZA,South Africa
[info] [2018/7/4 17:21:38]  Start SoftwareRepositories Request...
[info] [2018/7/4 17:21:39]  Software Repository is: 1052
[info] [2018/7/4 17:21:39]  Start Languages Request...
[info] [2018/7/4 17:21:39]  Languages: English (United States),3,German,9,Simplified Chinese (P.R.China),15,Japanese(Japan),30,Dutch (Netherlands),16,Turkish,31,Arabic,32,French,22,Korean(Korea),28,Portuguese,19,Finnish (Finland),17,Norwegian (Norway),12,English (United Kingdom),8,Italian (Italy),13,Slovak (Slovakia),27,Spanish (Latin America),25,Swedish (Sweden),20,Greek (Greece),18,Spanish (Spain),23,Polish (Poland),5,Czech (Czech),26,Russian (Russia),24,Danish (Denmark),11,Hebrew (Israel),1,Hungarian (Hungary),14,Traditional Chinese,35,Portuguese (Brazil),29
[info] [2018/7/4 17:21:39]  Start ExtensionsDeployID request...
[info] [2018/7/4 17:21:39]  ExtensionDeployments is: 8
[info] [2018/7/4 17:21:39]  Start ExtensionsDeployID request...
[info] [2018/7/4 17:21:40]  Extensions: {
"d" : {
"__metadata" : {
"uri" : "https://10.55.179.206:443/sld/sld0100.svc/Extensions(3)", "type" : "SLDModel.Extension"
}, "ClientType" : "W", "XAppDUName" : null, "IsBuiltIn" : true, "XAppPackageName" : null, "AuxiliaryProperties" : "{\"SoftwareRepositoryID\":1029}", "XAppVendor" : null, "BindingObject" : null, "ForceFlag" : false, "Type" : "AddOn", "SchemaVersion" : null, "Version" : "920.181.08", "Platform" : "N", "Path" : "\\\\x3\\temp\\92_H_PL08_HF1\\UpgradeCD\\Packages\\Add-Ons\\ScreenPainter", "XAppName" : null, "Vendor" : "SAP", "Name" : "Screen Painter", "ID" : 3, "Status" : true, "Group" : "M", "ExtensionValidities" : {
"__deferred" : {
"uri" : "https://10.55.179.206:443/sld/sld0100.svc/Extensions(3)/ExtensionValidities"
}
}, "ExtensionProperties" : {
"__deferred" : {
"uri" : "https://10.55.179.206:443/sld/sld0100.svc/Extensions(3)/ExtensionProperties"
}
}
}
}
[info] [2018/7/4 17:21:40]  Extensions: {
"d" : {
"__metadata" : {
"uri" : "https://10.55.179.206:443/sld/sld0100.svc/Extensions(6)", "type" : "SLDModel.Extension"
}, "ClientType" : "A", "XAppDUName" : null, "IsBuiltIn" : false, "XAppPackageName" : null, "AuxiliaryProperties" : null, "XAppVendor" : null, "BindingObject" : null, "ForceFlag" : false, "Type" : "LightAddOn", "SchemaVersion" : "2.1", "Version" : "920.181.08", "Platform" : "U", "Path" : "\\\\x3\\temp\\Extensions\\Repository\\SAP\\PaymentLW\\920.181.08", "XAppName" : null, "Vendor" : "SAP", "Name" : "PaymentLW", "ID" : 6, "Status" : true, "Group" : "M", "ExtensionValidities" : {
"__deferred" : {
"uri" : "https://10.55.179.206:443/sld/sld0100.svc/Extensions(6)/ExtensionValidities"
}
}, "ExtensionProperties" : {
"__deferred" : {
"uri" : "https://10.55.179.206:443/sld/sld0100.svc/Extensions(6)/ExtensionProperties"
}
}
}
}
[info] [2018/7/4 17:21:40]  Extensions: {
"d" : {
"__metadata" : {
"uri" : "https://10.55.179.206:443/sld/sld0100.svc/Extensions(2)", "type" : "SLDModel.Extension"
}, "ClientType" : "W", "XAppDUName" : null, "IsBuiltIn" : true, "XAppPackageName" : null, "AuxiliaryProperties" : "{\"SoftwareRepositoryID\":1029}", "XAppVendor" : null, "BindingObject" : null, "ForceFlag" : false, "Type" : "AddOn", "SchemaVersion" : null, "Version" : "920.181.08", "Platform" : "N", "Path" : "\\\\x3\\temp\\92_H_PL08_HF1\\UpgradeCD\\Packages\\Add-Ons\\EFM Format Definition", "XAppName" : null, "Vendor" : "SAP", "Name" : "EFM Format Definition", "ID" : 2, "Status" : true, "Group" : "M", "ExtensionValidities" : {
"__deferred" : {
"uri" : "https://10.55.179.206:443/sld/sld0100.svc/Extensions(2)/ExtensionValidities"
}
}, "ExtensionProperties" : {
"__deferred" : {
"uri" : "https://10.55.179.206:443/sld/sld0100.svc/Extensions(2)/ExtensionProperties"
}
}
}
}
[info] [2018/7/4 17:21:40]  Extensions: {
"d" : {
"__metadata" : {
"uri" : "https://10.55.179.206:443/sld/sld0100.svc/Extensions(5)", "type" : "SLDModel.Extension"
}, "ClientType" : "W", "XAppDUName" : null, "IsBuiltIn" : true, "XAppPackageName" : null, "AuxiliaryProperties" : null, "XAppVendor" : null, "BindingObject" : null, "ForceFlag" : false, "Type" : "AddOn", "SchemaVersion" : null, "Version" : "920.181.08", "Platform" : "N", "Path" : "", "XAppName" : null, "Vendor" : "SAP", "Name" : "SBOScript", "ID" : 5, "Status" : true, "Group" : "M", "ExtensionValidities" : {
"__deferred" : {
"uri" : "https://10.55.179.206:443/sld/sld0100.svc/Extensions(5)/ExtensionValidities"
}
}, "ExtensionProperties" : {
"__deferred" : {
"uri" : "https://10.55.179.206:443/sld/sld0100.svc/Extensions(5)/ExtensionProperties"
}
}
}
}
[info] [2018/7/4 17:21:40]  Extensions: {
"d" : {
"__metadata" : {
"uri" : "https://10.55.179.206:443/sld/sld0100.svc/Extensions(1)", "type" : "SLDModel.Extension"
}, "ClientType" : "A", "XAppDUName" : null, "IsBuiltIn" : true, "XAppPackageName" : null, "AuxiliaryProperties" : "{\"SoftwareRepositoryID\":1029}", "XAppVendor" : null, "BindingObject" : null, "ForceFlag" : false, "Type" : "LightAddOn", "SchemaVersion" : "2.1", "Version" : "920.181.08", "Platform" : "U", "Path" : "\\\\x3\\temp\\92_H_PL08_HF1\\UpgradeCD\\Packages\\Add-Ons\\DatevLW.zip", "XAppName" : null, "Vendor" : "SAP", "Name" : "DatevLW", "ID" : 1, "Status" : true, "Group" : "M", "ExtensionValidities" : {
"__deferred" : {
"uri" : "https://10.55.179.206:443/sld/sld0100.svc/Extensions(1)/ExtensionValidities"
}
}, "ExtensionProperties" : {
"__deferred" : {
"uri" : "https://10.55.179.206:443/sld/sld0100.svc/Extensions(1)/ExtensionProperties"
}
}
}
}
[info] [2018/7/4 17:21:55]  Start SavedLogin Request...
[info] [2018/7/4 17:21:55]  Login Seccsefully true
[info] [2018/7/4 17:21:55]  Start SecurityToken Request...
[info] [2018/7/4 17:21:56]  SecurityToken is: C0E676425B352FA397D76F64103C6F135424E4FC293B516B227D674F4B3AB4F6B56DC36D300CD10A640926C75275D84C85AB591DC4B98476E4B10662BA9D0A0BBE8F9D488D4408 
Cookie: JSESSIONID=7F3D1B23873AAAEC6A18895C53A26219
[info] [2018/7/4 17:21:56]  Start CompanyTemplateRepo request...
[info] [2018/7/4 17:21:56]  Company Template Repo ID: 1069
[info] [2018/7/4 17:21:56]  Start BackupPath request...
[info] [2018/7/4 17:21:56]  Backup path01: [object Object]
[info] [2018/7/4 17:21:56]  Backup path11: [object Object]
[info] [2018/7/4 17:21:56]  Backup path21: [object Object]
[info] [2018/7/4 17:21:56]  Backup path31: [object Object]
[info] [2018/7/4 17:21:56]  Start ImplementationRepo request...
[info] [2018/7/4 17:21:57]  Implementation Repo ID: 1062
[info] [2018/7/4 17:21:57]  Start PackagePath request...
[info] [2018/7/4 17:21:57]  Package path01: [object Object]
[info] [2018/7/4 17:21:57]  Start CommonDB Request...
[info] [2018/7/4 17:21:57]  Common Database #: 1235
[info] [2018/7/4 17:21:57]  Start LocalizationLists Request...
[info] [2018/7/4 17:21:58]  Localization Lists are: AR,Argentina,AT,Austria,AU,Australia/New Zealand,BE,Belgium,BR,Brazil,CA,Canada,CH,Switzerland,CL,Chile,CN,P.R.China/Hong-Kong,CR,Costa Rica,CY,Cyprus,CZ,Czech Rep.,DE,Germany,DK,Denmark,ES,Spain,FI,Finland,FR,France,GB,United Kingdom/Ireland,GR,Greece,GT,Guatemala,HU,Hungary,IL,Israel,IN,India,IT,Italy,JP,Japan,KR,South Korea,MX,Mexico,NL,Netherlands,NO,Norway,PA,Panama,PL,Poland,PT,Portugal,RU,Russia,SE,Sweden,SG,Singapore,SK,Slovakia,TR,Turkey,US,United States Of America/Puerto Rico,ZA,South Africa
[info] [2018/7/4 17:21:58]  Start SoftwareRepositories Request...
[info] [2018/7/4 17:21:58]  Software Repository is: 1052
[info] [2018/7/4 17:23:04]  Start Languages Request...
[info] [2018/7/4 17:23:04]  Languages: English (United States),3,German,9,Simplified Chinese (P.R.China),15,Japanese(Japan),30,Dutch (Netherlands),16,Turkish,31,Arabic,32,French,22,Korean(Korea),28,Portuguese,19,Finnish (Finland),17,Norwegian (Norway),12,English (United Kingdom),8,Italian (Italy),13,Slovak (Slovakia),27,Spanish (Latin America),25,Swedish (Sweden),20,Greek (Greece),18,Spanish (Spain),23,Polish (Poland),5,Czech (Czech),26,Russian (Russia),24,Danish (Denmark),11,Hebrew (Israel),1,Hungarian (Hungary),14,Traditional Chinese,35,Portuguese (Brazil),29
[info] [2018/7/4 17:23:04]  Start ExtensionsDeployID request...
[info] [2018/7/4 17:23:05]  ExtensionDeployments is: 8
[info] [2018/7/4 17:23:05]  Start ExtensionsDeployID request...
[info] [2018/7/4 17:23:05]  Extensions: {
"d" : {
"__metadata" : {
"uri" : "https://10.55.179.206:443/sld/sld0100.svc/Extensions(1)", "type" : "SLDModel.Extension"
}, "ClientType" : "A", "XAppDUName" : null, "IsBuiltIn" : true, "XAppPackageName" : null, "AuxiliaryProperties" : "{\"SoftwareRepositoryID\":1029}", "XAppVendor" : null, "BindingObject" : null, "ForceFlag" : false, "Type" : "LightAddOn", "SchemaVersion" : "2.1", "Version" : "920.181.08", "Platform" : "U", "Path" : "\\\\x3\\temp\\92_H_PL08_HF1\\UpgradeCD\\Packages\\Add-Ons\\DatevLW.zip", "XAppName" : null, "Vendor" : "SAP", "Name" : "DatevLW", "ID" : 1, "Status" : true, "Group" : "M", "ExtensionValidities" : {
"__deferred" : {
"uri" : "https://10.55.179.206:443/sld/sld0100.svc/Extensions(1)/ExtensionValidities"
}
}, "ExtensionProperties" : {
"__deferred" : {
"uri" : "https://10.55.179.206:443/sld/sld0100.svc/Extensions(1)/ExtensionProperties"
}
}
}
}
[info] [2018/7/4 17:23:05]  Extensions: {
"d" : {
"__metadata" : {
"uri" : "https://10.55.179.206:443/sld/sld0100.svc/Extensions(2)", "type" : "SLDModel.Extension"
}, "ClientType" : "W", "XAppDUName" : null, "IsBuiltIn" : true, "XAppPackageName" : null, "AuxiliaryProperties" : "{\"SoftwareRepositoryID\":1029}", "XAppVendor" : null, "BindingObject" : null, "ForceFlag" : false, "Type" : "AddOn", "SchemaVersion" : null, "Version" : "920.181.08", "Platform" : "N", "Path" : "\\\\x3\\temp\\92_H_PL08_HF1\\UpgradeCD\\Packages\\Add-Ons\\EFM Format Definition", "XAppName" : null, "Vendor" : "SAP", "Name" : "EFM Format Definition", "ID" : 2, "Status" : true, "Group" : "M", "ExtensionValidities" : {
"__deferred" : {
"uri" : "https://10.55.179.206:443/sld/sld0100.svc/Extensions(2)/ExtensionValidities"
}
}, "ExtensionProperties" : {
"__deferred" : {
"uri" : "https://10.55.179.206:443/sld/sld0100.svc/Extensions(2)/ExtensionProperties"
}
}
}
}
[info] [2018/7/4 17:23:05]  Extensions: {
"d" : {
"__metadata" : {
"uri" : "https://10.55.179.206:443/sld/sld0100.svc/Extensions(3)", "type" : "SLDModel.Extension"
}, "ClientType" : "W", "XAppDUName" : null, "IsBuiltIn" : true, "XAppPackageName" : null, "AuxiliaryProperties" : "{\"SoftwareRepositoryID\":1029}", "XAppVendor" : null, "BindingObject" : null, "ForceFlag" : false, "Type" : "AddOn", "SchemaVersion" : null, "Version" : "920.181.08", "Platform" : "N", "Path" : "\\\\x3\\temp\\92_H_PL08_HF1\\UpgradeCD\\Packages\\Add-Ons\\ScreenPainter", "XAppName" : null, "Vendor" : "SAP", "Name" : "Screen Painter", "ID" : 3, "Status" : true, "Group" : "M", "ExtensionValidities" : {
"__deferred" : {
"uri" : "https://10.55.179.206:443/sld/sld0100.svc/Extensions(3)/ExtensionValidities"
}
}, "ExtensionProperties" : {
"__deferred" : {
"uri" : "https://10.55.179.206:443/sld/sld0100.svc/Extensions(3)/ExtensionProperties"
}
}
}
}
[info] [2018/7/4 17:23:05]  Extensions: {
"d" : {
"__metadata" : {
"uri" : "https://10.55.179.206:443/sld/sld0100.svc/Extensions(6)", "type" : "SLDModel.Extension"
}, "ClientType" : "A", "XAppDUName" : null, "IsBuiltIn" : false, "XAppPackageName" : null, "AuxiliaryProperties" : null, "XAppVendor" : null, "BindingObject" : null, "ForceFlag" : false, "Type" : "LightAddOn", "SchemaVersion" : "2.1", "Version" : "920.181.08", "Platform" : "U", "Path" : "\\\\x3\\temp\\Extensions\\Repository\\SAP\\PaymentLW\\920.181.08", "XAppName" : null, "Vendor" : "SAP", "Name" : "PaymentLW", "ID" : 6, "Status" : true, "Group" : "M", "ExtensionValidities" : {
"__deferred" : {
"uri" : "https://10.55.179.206:443/sld/sld0100.svc/Extensions(6)/ExtensionValidities"
}
}, "ExtensionProperties" : {
"__deferred" : {
"uri" : "https://10.55.179.206:443/sld/sld0100.svc/Extensions(6)/ExtensionProperties"
}
}
}
}
[info] [2018/7/4 17:23:05]  Extensions: {
"d" : {
"__metadata" : {
"uri" : "https://10.55.179.206:443/sld/sld0100.svc/Extensions(5)", "type" : "SLDModel.Extension"
}, "ClientType" : "W", "XAppDUName" : null, "IsBuiltIn" : true, "XAppPackageName" : null, "AuxiliaryProperties" : null, "XAppVendor" : null, "BindingObject" : null, "ForceFlag" : false, "Type" : "AddOn", "SchemaVersion" : null, "Version" : "920.181.08", "Platform" : "N", "Path" : "", "XAppName" : null, "Vendor" : "SAP", "Name" : "SBOScript", "ID" : 5, "Status" : true, "Group" : "M", "ExtensionValidities" : {
"__deferred" : {
"uri" : "https://10.55.179.206:443/sld/sld0100.svc/Extensions(5)/ExtensionValidities"
}
}, "ExtensionProperties" : {
"__deferred" : {
"uri" : "https://10.55.179.206:443/sld/sld0100.svc/Extensions(5)/ExtensionProperties"
}
}
}
}
[info] [2018/7/4 17:26:01]  Start SavedLogin Request...
[info] [2018/7/4 17:26:02]  Login Seccsefully true
[info] [2018/7/4 17:26:02]  Start SecurityToken Request...
[info] [2018/7/4 17:26:02]  SecurityToken is: 912703850E02170016604B5B72CFC733BA8FA1F45704EC247629AB7E5E99363B9BD4D1C4CF486917B2D9530706472C2AC942DC00275E7DBC7F7EAE9734D63A09B14C5DC89EE874 
Cookie: JSESSIONID=E8FA0BDAF8EB3301047A0AC3AB43C6EE
[info] [2018/7/4 17:26:02]  Start CompanyTemplateRepo request...
[info] [2018/7/4 17:26:02]  Company Template Repo ID: 221125
[info] [2018/7/4 17:26:02]  Start BackupPath request...
[info] [2018/7/4 17:26:03]  Backup path01: [object Object]
[info] [2018/7/4 17:26:03]  Backup path11: [object Object]
[info] [2018/7/4 17:26:03]  Backup path21: [object Object]
[info] [2018/7/4 17:26:03]  Start ImplementationRepo request...
[error] [2018/7/4 17:26:03]  Request Problem. No Content
[info] [2018/7/4 17:26:03]  Start CommonDB Request...
[info] [2018/7/4 17:26:03]  Common Database #: 221040
[info] [2018/7/4 17:26:03]  Start LocalizationLists Request...
[info] [2018/7/4 17:26:03]  Localization Lists are: AR,Argentina,AT,Austria,AU,Australia/New Zealand,BE,Belgium,BR,Brazil,CA,Canada,CH,Switzerland,CL,Chile,CN,P.R.China/Hong-Kong,CR,Costa Rica,CY,Cyprus,CZ,Czech Rep.,DE,Germany,DK,Denmark,ES,Spain,FI,Finland,FR,France,GB,United Kingdom/Ireland,GR,Greece,GT,Guatemala,HU,Hungary,IL,Israel,IN,India,IT,Italy,JP,Japan,KR,South Korea,MX,Mexico,NL,Netherlands,NO,Norway,PA,Panama,PL,Poland,PT,Portugal,RU,Russia,SE,Sweden,SG,Singapore,SK,Slovakia,TR,Turkey,US,United States Of America/Puerto Rico,ZA,South Africa
[info] [2018/7/4 17:26:03]  Start SoftwareRepositories Request...
[info] [2018/7/4 17:26:04]  Software Repository is: 221030
[info] [2018/7/4 17:26:07]  Start Languages Request...
[info] [2018/7/4 17:26:08]  Languages: English (United States),3,German,9,Simplified Chinese (P.R.China),15,Japanese(Japan),30,Dutch (Netherlands),16,Turkish,31,Arabic,32,French,22,Korean(Korea),28,Portuguese,19,Finnish (Finland),17,Norwegian (Norway),12,English (United Kingdom),8,Italian (Italy),13,Slovak (Slovakia),27,Spanish (Latin America),25,Swedish (Sweden),20,Greek (Greece),18,Spanish (Spain),23,Polish (Poland),5,Czech (Czech),26,Russian (Russia),24,Danish (Denmark),11,Hebrew (Israel),1,Hungarian (Hungary),14,Traditional Chinese,35,Portuguese (Brazil),29
[info] [2018/7/4 17:26:08]  Start ExtensionsDeployID request...
[info] [2018/7/4 17:26:08]  ExtensionDeployments is: 18
[info] [2018/7/4 17:26:08]  Start ExtensionsDeployID request...
[info] [2018/7/4 17:26:08]  Extensions: {
"d" : {
"__metadata" : {
"uri" : "https://10.55.179.206:443/sld/sld0100.svc/Extensions(9)", "type" : "SLDModel.Extension"
}, "ClientType" : "W", "XAppDUName" : null, "IsBuiltIn" : true, "XAppPackageName" : null, "AuxiliaryProperties" : "{\"SoftwareRepositoryID\":221030}", "XAppVendor" : null, "BindingObject" : null, "ForceFlag" : false, "Type" : "AddOn", "SchemaVersion" : null, "Version" : "920.210.11", "Platform" : "N", "Path" : "\\\\x3\\temp\\92_H_PL11\\UpgradeCD\\Packages\\Add-Ons\\ScreenPainter", "XAppName" : null, "Vendor" : "SAP", "Name" : "Screen Painter", "ID" : 9, "Status" : true, "Group" : "M", "ExtensionValidities" : {
"__deferred" : {
"uri" : "https://10.55.179.206:443/sld/sld0100.svc/Extensions(9)/ExtensionValidities"
}
}, "ExtensionProperties" : {
"__deferred" : {
"uri" : "https://10.55.179.206:443/sld/sld0100.svc/Extensions(9)/ExtensionProperties"
}
}
}
}
[info] [2018/7/4 17:26:08]  Extensions: {
"d" : {
"__metadata" : {
"uri" : "https://10.55.179.206:443/sld/sld0100.svc/Extensions(8)", "type" : "SLDModel.Extension"
}, "ClientType" : "A", "XAppDUName" : null, "IsBuiltIn" : true, "XAppPackageName" : null, "AuxiliaryProperties" : "{\"SoftwareRepositoryID\":221030}", "XAppVendor" : null, "BindingObject" : null, "ForceFlag" : false, "Type" : "LightAddOn", "SchemaVersion" : "2.1", "Version" : "920.210.11", "Platform" : "U", "Path" : "\\\\x3\\temp\\92_H_PL11\\UpgradeCD\\Packages\\Add-Ons\\DatevLW.zip", "XAppName" : null, "Vendor" : "SAP", "Name" : "DatevLW", "ID" : 8, "Status" : true, "Group" : "M", "ExtensionValidities" : {
"__deferred" : {
"uri" : "https://10.55.179.206:443/sld/sld0100.svc/Extensions(8)/ExtensionValidities"
}
}, "ExtensionProperties" : {
"__deferred" : {
"uri" : "https://10.55.179.206:443/sld/sld0100.svc/Extensions(8)/ExtensionProperties"
}
}
}
}
[info] [2018/7/4 17:26:08]  Extensions: {
"d" : {
"__metadata" : {
"uri" : "https://10.55.179.206:443/sld/sld0100.svc/Extensions(10)", "type" : "SLDModel.Extension"
}, "ClientType" : "W", "XAppDUName" : null, "IsBuiltIn" : true, "XAppPackageName" : null, "AuxiliaryProperties" : null, "XAppVendor" : null, "BindingObject" : null, "ForceFlag" : false, "Type" : "AddOn", "SchemaVersion" : null, "Version" : "920.210.11", "Platform" : "N", "Path" : "", "XAppName" : null, "Vendor" : "SAP", "Name" : "SBOScript", "ID" : 10, "Status" : true, "Group" : "M", "ExtensionValidities" : {
"__deferred" : {
"uri" : "https://10.55.179.206:443/sld/sld0100.svc/Extensions(10)/ExtensionValidities"
}
}, "ExtensionProperties" : {
"__deferred" : {
"uri" : "https://10.55.179.206:443/sld/sld0100.svc/Extensions(10)/ExtensionProperties"
}
}
}
}
[info] [2018/7/4 17:26:08]  Extensions: {
"d" : {
"__metadata" : {
"uri" : "https://10.55.179.206:443/sld/sld0100.svc/Extensions(7)", "type" : "SLDModel.Extension"
}, "ClientType" : "W", "XAppDUName" : null, "IsBuiltIn" : true, "XAppPackageName" : null, "AuxiliaryProperties" : "{\"SoftwareRepositoryID\":221030}", "XAppVendor" : null, "BindingObject" : null, "ForceFlag" : false, "Type" : "AddOn", "SchemaVersion" : null, "Version" : "920.210.11", "Platform" : "N", "Path" : "\\\\x3\\temp\\92_H_PL11\\UpgradeCD\\Packages\\Add-Ons\\EFM Format Definition", "XAppName" : null, "Vendor" : "SAP", "Name" : "EFM Format Definition", "ID" : 7, "Status" : true, "Group" : "M", "ExtensionValidities" : {
"__deferred" : {
"uri" : "https://10.55.179.206:443/sld/sld0100.svc/Extensions(7)/ExtensionValidities"
}
}, "ExtensionProperties" : {
"__deferred" : {
"uri" : "https://10.55.179.206:443/sld/sld0100.svc/Extensions(7)/ExtensionProperties"
}
}
}
}


[info] [2018/7/5 11:12:57]  Start SavedLogin Request...
[info] [2018/7/5 11:12:57]  Login Seccsefully true
[info] [2018/7/5 11:12:57]  Start SecurityToken Request...
[info] [2018/7/5 11:12:58]  SecurityToken is: C5CEAC736177A7D546AA01C6D8FFB0E9FF61CD728806070B50E70A3B83A3F4D211945B974D3B40C2E4CC6D992E150A0C18E160A104B4F4EFA8B1DB4BF0840762B893A6A08A5AC8 
Cookie: JSESSIONID=3140887CE3BA6C1C958105E444B113DC
[info] [2018/7/5 11:12:58]  Start CommonDB Request...
[info] [2018/7/5 11:12:58]  Common Database #: 1235
[info] [2018/7/5 11:12:58]  Start COA Request...
[info] [2018/7/5 11:12:58]  COA: M,DE_IKR,N,SKR03,O,SKR04
[info] [2018/7/5 11:13:17]  Start SavedLogin Request...
[info] [2018/7/5 11:13:18]  Login Seccsefully true
[info] [2018/7/5 11:13:18]  Start SecurityToken Request...
[info] [2018/7/5 11:13:18]  SecurityToken is: E0E7D73EEBC99EBF1503B28CA85B4889B5C647ACFB2CABA8BA35938B7EC93A253756F13187814E1DC4727445928218E5D3C36AFD22B176DE08B3C409C6D3B1B397AF42EA2980EA 
Cookie: JSESSIONID=9984ACEFC7FCF683DE456F12C4F85C03
[info] [2018/7/5 11:13:18]  Start CommonDB Request...
[info] [2018/7/5 11:13:18]  Common Database #: 1235
[info] [2018/7/5 11:13:18]  Start COA Request...
[info] [2018/7/5 11:13:19]  COA: E,ar_coa














[info] [2018/7/5 12:08:41]  Getting history data...
[info] [2018/7/5 12:09:11]  Getting customer data...
